-- Found ament_cmake: 1.3.12 (/opt/ros/humble/share/ament_cmake/cmake)
-- Found Python3: /usr/bin/python3 (found version "3.10.12") found components: Interpreter 
-- Configuring done
-- Generating done
-- Build files have been written to: /home/ecem/ros2_ws/src/build/leo
-- Install configuration: ""
-- Installing: /home/ecem/ros2_ws/src/install/leo/share/ament_index/resource_index/package_run_dependencies/leo
-- Installing: /home/ecem/ros2_ws/src/install/leo/share/ament_index/resource_index/parent_prefix_path/leo
-- Installing: /home/ecem/ros2_ws/src/install/leo/share/leo/environment/ament_prefix_path.sh
-- Installing: /home/ecem/ros2_ws/src/install/leo/share/leo/environment/ament_prefix_path.dsv
-- Installing: /home/ecem/ros2_ws/src/install/leo/share/leo/environment/path.sh
-- Installing: /home/ecem/ros2_ws/src/install/leo/share/leo/environment/path.dsv
-- Installing: /home/ecem/ros2_ws/src/install/leo/share/leo/local_setup.bash
-- Installing: /home/ecem/ros2_ws/src/install/leo/share/leo/local_setup.sh
-- Installing: /home/ecem/ros2_ws/src/install/leo/share/leo/local_setup.zsh
-- Installing: /home/ecem/ros2_ws/src/install/leo/share/leo/local_setup.dsv
-- Installing: /home/ecem/ros2_ws/src/install/leo/share/leo/package.dsv
-- Installing: /home/ecem/ros2_ws/src/install/leo/share/ament_index/resource_index/packages/leo
-- Installing: /home/ecem/ros2_ws/src/install/leo/share/leo/cmake/leoConfig.cmake
-- Installing: /home/ecem/ros2_ws/src/install/leo/share/leo/cmake/leoConfig-version.cmake
-- Installing: /home/ecem/ros2_ws/src/install/leo/share/leo/package.xml
