-- The C compiler identification is GNU 11.4.0
-- The CXX compiler identification is GNU 11.4.0
-- Detecting C compiler ABI info
-- Detecting C compiler ABI info - done
-- Check for working C compiler: /usr/bin/cc - skipped
-- Detecting C compile features
-- Detecting C compile features - done
-- Detecting CXX compiler ABI info
-- Detecting CXX compiler ABI info - done
-- Check for working CXX compiler: /usr/bin/c++ - skipped
-- Detecting CXX compile features
-- Detecting CXX compile features - done
-- Found ament_cmake: 1.3.12 (/opt/ros/humble/share/ament_cmake/cmake)
-- Found Python3: /usr/bin/python3 (found version "3.10.12") found components: Interpreter 
-- Found rclcpp: 16.0.14 (/opt/ros/humble/share/rclcpp/cmake)
-- Found rosidl_generator_c: 3.1.7 (/opt/ros/humble/share/rosidl_generator_c/cmake)
-- Found rosidl_adapter: 3.1.7 (/opt/ros/humble/share/rosidl_adapter/cmake)
-- Found rosidl_generator_cpp: 3.1.7 (/opt/ros/humble/share/rosidl_generator_cpp/cmake)
-- Using all available rosidl_typesupport_c: rosidl_typesupport_fastrtps_c;rosidl_typesupport_introspection_c
-- Using all available rosidl_typesupport_cpp: rosidl_typesupport_fastrtps_cpp;rosidl_typesupport_introspection_cpp
-- Found rmw_implementation_cmake: 6.1.2 (/opt/ros/humble/share/rmw_implementation_cmake/cmake)
-- Found rmw_cyclonedds_cpp: 1.3.4 (/opt/ros/humble/share/rmw_cyclonedds_cpp/cmake)
-- Using RMW implementation 'rmw_cyclonedds_cpp' as default
-- Looking for pthread.h
-- Looking for pthread.h - found
-- Performing Test CMAKE_HAVE_LIBC_PTHREAD
-- Performing Test CMAKE_HAVE_LIBC_PTHREAD - Success
-- Found Threads: TRUE  
-- Found sensor_msgs: 4.9.0 (/opt/ros/humble/share/sensor_msgs/cmake)
-- Found message_filters: 4.3.8 (/opt/ros/humble/share/message_filters/cmake)
-- Found OpenCV: /usr (found version "4.5.4") 
-- Found cv_bridge: 3.2.1 (/opt/ros/humble/share/cv_bridge/cmake)
-- Found ament_lint_auto: 0.12.14 (/opt/ros/humble/share/ament_lint_auto/cmake)
-- Added test 'cppcheck' to perform static code analysis on C / C++ code
-- Configured cppcheck include dirs: $<BUILD_INTERFACE:/home/ecem/ros2_ws/src/leo_image/include>
-- Configured cppcheck exclude dirs and/or files: 
-- Added test 'lint_cmake' to check CMake code style
-- Added test 'uncrustify' to check C / C++ code style
-- Configured uncrustify additional arguments: 
-- Added test 'xmllint' to check XML markup files
-- Configuring done
-- Generating done
-- Build files have been written to: /home/ecem/ros2_ws/src/build/leo_image
[ 50%] [32mBuilding CXX object CMakeFiles/image_processor.dir/src/image_processor.cpp.o[0m
[100%] [32m[1mLinking CXX executable image_processor[0m
[100%] Built target image_processor
-- Install configuration: ""
-- Installing: /home/ecem/ros2_ws/src/install/leo_image/lib/leo_image/image_processor
-- Set runtime path of "/home/ecem/ros2_ws/src/install/leo_image/lib/leo_image/image_processor" to ""
-- Installing: /home/ecem/ros2_ws/src/install/leo_image/share/ament_index/resource_index/package_run_dependencies/leo_image
-- Installing: /home/ecem/ros2_ws/src/install/leo_image/share/ament_index/resource_index/parent_prefix_path/leo_image
-- Installing: /home/ecem/ros2_ws/src/install/leo_image/share/leo_image/environment/ament_prefix_path.sh
-- Installing: /home/ecem/ros2_ws/src/install/leo_image/share/leo_image/environment/ament_prefix_path.dsv
-- Installing: /home/ecem/ros2_ws/src/install/leo_image/share/leo_image/environment/path.sh
-- Installing: /home/ecem/ros2_ws/src/install/leo_image/share/leo_image/environment/path.dsv
-- Installing: /home/ecem/ros2_ws/src/install/leo_image/share/leo_image/local_setup.bash
-- Installing: /home/ecem/ros2_ws/src/install/leo_image/share/leo_image/local_setup.sh
-- Installing: /home/ecem/ros2_ws/src/install/leo_image/share/leo_image/local_setup.zsh
-- Installing: /home/ecem/ros2_ws/src/install/leo_image/share/leo_image/local_setup.dsv
-- Installing: /home/ecem/ros2_ws/src/install/leo_image/share/leo_image/package.dsv
-- Installing: /home/ecem/ros2_ws/src/install/leo_image/share/ament_index/resource_index/packages/leo_image
-- Installing: /home/ecem/ros2_ws/src/install/leo_image/share/leo_image/cmake/leo_imageConfig.cmake
-- Installing: /home/ecem/ros2_ws/src/install/leo_image/share/leo_image/cmake/leo_imageConfig-version.cmake
-- Installing: /home/ecem/ros2_ws/src/install/leo_image/share/leo_image/package.xml
