[0.015s] Invoking command in '/home/ecem/ros2_ws/src/build/leo_image': CMAKE_PREFIX_PATH=${CMAKE_PREFIX_PATH}:/home/ecem/ros2_ws/install/swarm_segregation:/home/ecem/ros2_ws/install/swarm_basics:/opt/ros/humble /usr/bin/cmake /home/ecem/ros2_ws/src/leo_image -DCMAKE_INSTALL_PREFIX=/home/ecem/ros2_ws/src/install/leo_image
[0.071s] -- The C compiler identification is GNU 11.4.0
[0.128s] -- The CXX compiler identification is GNU 11.4.0
[0.132s] -- Detecting C compiler ABI info
[0.174s] -- Detecting C compiler ABI info - done
[0.182s] -- Check for working C compiler: /usr/bin/cc - skipped
[0.182s] -- Detecting C compile features
[0.183s] -- Detecting C compile features - done
[0.186s] -- Detecting CXX compiler ABI info
[0.254s] -- Detecting CXX compiler ABI info - done
[0.261s] -- Check for working CXX compiler: /usr/bin/c++ - skipped
[0.262s] -- Detecting CXX compile features
[0.262s] -- Detecting CXX compile features - done
[0.264s] -- Found ament_cmake: 1.3.12 (/opt/ros/humble/share/ament_cmake/cmake)
[0.362s] -- Found Python3: /usr/bin/python3 (found version "3.10.12") found components: Interpreter 
[0.438s] -- Found rclcpp: 16.0.14 (/opt/ros/humble/share/rclcpp/cmake)
[0.469s] -- Found rosidl_generator_c: 3.1.7 (/opt/ros/humble/share/rosidl_generator_c/cmake)
[0.472s] -- Found rosidl_adapter: 3.1.7 (/opt/ros/humble/share/rosidl_adapter/cmake)
[0.477s] -- Found rosidl_generator_cpp: 3.1.7 (/opt/ros/humble/share/rosidl_generator_cpp/cmake)
[0.485s] -- Using all available rosidl_typesupport_c: rosidl_typesupport_fastrtps_c;rosidl_typesupport_introspection_c
[0.495s] -- Using all available rosidl_typesupport_cpp: rosidl_typesupport_fastrtps_cpp;rosidl_typesupport_introspection_cpp
[0.527s] -- Found rmw_implementation_cmake: 6.1.2 (/opt/ros/humble/share/rmw_implementation_cmake/cmake)
[0.528s] -- Found rmw_cyclonedds_cpp: 1.3.4 (/opt/ros/humble/share/rmw_cyclonedds_cpp/cmake)
[0.549s] -- Using RMW implementation 'rmw_cyclonedds_cpp' as default
[0.555s] -- Looking for pthread.h
[0.602s] -- Looking for pthread.h - found
[0.602s] -- Performing Test CMAKE_HAVE_LIBC_PTHREAD
[0.661s] -- Performing Test CMAKE_HAVE_LIBC_PTHREAD - Success
[0.662s] -- Found Threads: TRUE  
[0.699s] -- Found sensor_msgs: 4.9.0 (/opt/ros/humble/share/sensor_msgs/cmake)
[0.721s] -- Found message_filters: 4.3.8 (/opt/ros/humble/share/message_filters/cmake)
[0.728s] -- Found OpenCV: /usr (found version "4.5.4") 
[0.729s] -- Found cv_bridge: 3.2.1 (/opt/ros/humble/share/cv_bridge/cmake)
[0.737s] -- Found ament_lint_auto: 0.12.14 (/opt/ros/humble/share/ament_lint_auto/cmake)
[0.796s] -- Added test 'cppcheck' to perform static code analysis on C / C++ code
[0.797s] -- Configured cppcheck include dirs: $<BUILD_INTERFACE:/home/ecem/ros2_ws/src/leo_image/include>
[0.797s] -- Configured cppcheck exclude dirs and/or files: 
[0.797s] -- Added test 'lint_cmake' to check CMake code style
[0.797s] -- Added test 'uncrustify' to check C / C++ code style
[0.798s] -- Configured uncrustify additional arguments: 
[0.798s] -- Added test 'xmllint' to check XML markup files
[0.798s] -- Configuring done
[0.805s] -- Generating done
[0.807s] -- Build files have been written to: /home/ecem/ros2_ws/src/build/leo_image
[0.813s] Invoked command in '/home/ecem/ros2_ws/src/build/leo_image' returned '0': CMAKE_PREFIX_PATH=${CMAKE_PREFIX_PATH}:/home/ecem/ros2_ws/install/swarm_segregation:/home/ecem/ros2_ws/install/swarm_basics:/opt/ros/humble /usr/bin/cmake /home/ecem/ros2_ws/src/leo_image -DCMAKE_INSTALL_PREFIX=/home/ecem/ros2_ws/src/install/leo_image
[0.814s] Invoking command in '/home/ecem/ros2_ws/src/build/leo_image': CMAKE_PREFIX_PATH=${CMAKE_PREFIX_PATH}:/home/ecem/ros2_ws/install/swarm_segregation:/home/ecem/ros2_ws/install/swarm_basics:/opt/ros/humble /usr/bin/cmake --build /home/ecem/ros2_ws/src/build/leo_image -- -j22 -l22
[0.853s] [ 50%] [32mBuilding CXX object CMakeFiles/image_processor.dir/src/image_processor.cpp.o[0m
[2.956s] [01m[K/home/ecem/ros2_ws/src/leo_image/src/image_processor.cpp:[m[K In member function ‘[01m[Kvoid RGBDZoneDetector::callback(const ConstSharedPtr&, const ConstSharedPtr&)[m[K’:
[2.956s] [01m[K/home/ecem/ros2_ws/src/leo_image/src/image_processor.cpp:34:66:[m[K [01;35m[Kwarning: [m[Kunused parameter ‘[01m[Krgb_msg[m[K’ [[01;35m[K]8;;https://gcc.gnu.org/onlinedocs/gcc/Warning-Options.html#index-Wunused-parameter-Wunused-parameter]8;;[m[K]
[2.956s]    34 |     void callback([01;35m[Kconst sensor_msgs::msg::Image::ConstSharedPtr& rgb_msg[m[K,
[2.956s]       |                   [01;35m[K~~~~~~~~~~~~~~~~~~~~~~~~~~~~~~~~~~~~~~~~~~~~~~~^~~~~~~[m[K
[8.139s] [100%] [32m[1mLinking CXX executable image_processor[0m
[8.619s] [100%] Built target image_processor
[8.629s] Invoked command in '/home/ecem/ros2_ws/src/build/leo_image' returned '0': CMAKE_PREFIX_PATH=${CMAKE_PREFIX_PATH}:/home/ecem/ros2_ws/install/swarm_segregation:/home/ecem/ros2_ws/install/swarm_basics:/opt/ros/humble /usr/bin/cmake --build /home/ecem/ros2_ws/src/build/leo_image -- -j22 -l22
[8.631s] Invoking command in '/home/ecem/ros2_ws/src/build/leo_image': CMAKE_PREFIX_PATH=${CMAKE_PREFIX_PATH}:/home/ecem/ros2_ws/install/swarm_segregation:/home/ecem/ros2_ws/install/swarm_basics:/opt/ros/humble /usr/bin/cmake --install /home/ecem/ros2_ws/src/build/leo_image
[8.637s] -- Install configuration: ""
[8.637s] -- Installing: /home/ecem/ros2_ws/src/install/leo_image/lib/leo_image/image_processor
[8.640s] -- Set runtime path of "/home/ecem/ros2_ws/src/install/leo_image/lib/leo_image/image_processor" to ""
[8.640s] -- Installing: /home/ecem/ros2_ws/src/install/leo_image/share/ament_index/resource_index/package_run_dependencies/leo_image
[8.640s] -- Installing: /home/ecem/ros2_ws/src/install/leo_image/share/ament_index/resource_index/parent_prefix_path/leo_image
[8.640s] -- Installing: /home/ecem/ros2_ws/src/install/leo_image/share/leo_image/environment/ament_prefix_path.sh
[8.640s] -- Installing: /home/ecem/ros2_ws/src/install/leo_image/share/leo_image/environment/ament_prefix_path.dsv
[8.641s] -- Installing: /home/ecem/ros2_ws/src/install/leo_image/share/leo_image/environment/path.sh
[8.641s] -- Installing: /home/ecem/ros2_ws/src/install/leo_image/share/leo_image/environment/path.dsv
[8.641s] -- Installing: /home/ecem/ros2_ws/src/install/leo_image/share/leo_image/local_setup.bash
[8.641s] -- Installing: /home/ecem/ros2_ws/src/install/leo_image/share/leo_image/local_setup.sh
[8.641s] -- Installing: /home/ecem/ros2_ws/src/install/leo_image/share/leo_image/local_setup.zsh
[8.641s] -- Installing: /home/ecem/ros2_ws/src/install/leo_image/share/leo_image/local_setup.dsv
[8.641s] -- Installing: /home/ecem/ros2_ws/src/install/leo_image/share/leo_image/package.dsv
[8.641s] -- Installing: /home/ecem/ros2_ws/src/install/leo_image/share/ament_index/resource_index/packages/leo_image
[8.641s] -- Installing: /home/ecem/ros2_ws/src/install/leo_image/share/leo_image/cmake/leo_imageConfig.cmake
[8.641s] -- Installing: /home/ecem/ros2_ws/src/install/leo_image/share/leo_image/cmake/leo_imageConfig-version.cmake
[8.641s] -- Installing: /home/ecem/ros2_ws/src/install/leo_image/share/leo_image/package.xml
[8.643s] Invoked command in '/home/ecem/ros2_ws/src/build/leo_image' returned '0': CMAKE_PREFIX_PATH=${CMAKE_PREFIX_PATH}:/home/ecem/ros2_ws/install/swarm_segregation:/home/ecem/ros2_ws/install/swarm_basics:/opt/ros/humble /usr/bin/cmake --install /home/ecem/ros2_ws/src/build/leo_image
