[0.016s] Invoking command in '/home/ecem/ros2_ws/src/build/leo_msgs': CMAKE_PREFIX_PATH=${CMAKE_PREFIX_PATH}:/home/ecem/ros2_ws/install/swarm_segregation:/home/ecem/ros2_ws/install/swarm_basics:/opt/ros/humble /usr/bin/cmake /home/ecem/ros2_ws/src/leo_common-ros2/leo_msgs -DCMAKE_INSTALL_PREFIX=/home/ecem/ros2_ws/src/install/leo_msgs
[0.074s] -- The C compiler identification is GNU 11.4.0
[0.130s] -- The CXX compiler identification is GNU 11.4.0
[0.135s] -- Detecting C compiler ABI info
[0.183s] -- Detecting C compiler ABI info - done
[0.187s] -- Check for working C compiler: /usr/bin/cc - skipped
[0.187s] -- Detecting C compile features
[0.187s] -- Detecting C compile features - done
[0.189s] -- Detecting CXX compiler ABI info
[0.242s] -- Detecting CXX compiler ABI info - done
[0.247s] -- Check for working CXX compiler: /usr/bin/c++ - skipped
[0.247s] -- Detecting CXX compile features
[0.247s] -- Detecting CXX compile features - done
[0.249s] -- Found ament_cmake: 1.3.12 (/opt/ros/humble/share/ament_cmake/cmake)
[0.366s] -- Found Python3: /usr/bin/python3 (found version "3.10.12") found components: Interpreter 
[0.459s] -- Found rosidl_default_generators: 1.2.0 (/opt/ros/humble/share/rosidl_default_generators/cmake)
[0.463s] -- Using all available rosidl_typesupport_c: rosidl_typesupport_fastrtps_c;rosidl_typesupport_introspection_c
[0.467s] -- Found rosidl_adapter: 3.1.7 (/opt/ros/humble/share/rosidl_adapter/cmake)
[0.494s] -- Using all available rosidl_typesupport_cpp: rosidl_typesupport_fastrtps_cpp;rosidl_typesupport_introspection_cpp
[0.513s] -- Found builtin_interfaces: 1.2.2 (/opt/ros/humble/share/builtin_interfaces/cmake)
[0.709s] -- Found ament_cmake_ros: 0.10.0 (/opt/ros/humble/share/ament_cmake_ros/cmake)
[0.825s] -- Using all available rosidl_typesupport_c: rosidl_typesupport_fastrtps_c;rosidl_typesupport_introspection_c
[0.993s] -- Using all available rosidl_typesupport_cpp: rosidl_typesupport_fastrtps_cpp;rosidl_typesupport_introspection_cpp
[1.007s] -- Found PythonInterp: /usr/bin/python3 (found suitable version "3.10.12", minimum required is "3.6") 
[1.008s] -- Found python_cmake_module: 0.10.0 (/opt/ros/humble/share/python_cmake_module/cmake)
[1.028s] -- Found PythonLibs: /usr/lib/x86_64-linux-gnu/libpython3.10.so (found suitable version "3.10.12", minimum required is "3.5") 
[1.028s] -- Using PYTHON_EXECUTABLE: /usr/bin/python3
[1.028s] -- Using PYTHON_INCLUDE_DIRS: /usr/include/python3.10
[1.029s] -- Using PYTHON_LIBRARIES: /usr/lib/x86_64-linux-gnu/libpython3.10.so
[1.042s] -- Found PythonExtra: .so  
[1.065s] -- Found ament_lint_auto: 0.12.14 (/opt/ros/humble/share/ament_lint_auto/cmake)
[1.071s] -- Added test 'lint_cmake' to check CMake code style
[1.071s] -- Added test 'xmllint' to check XML markup files
[1.073s] -- Configuring done
[1.090s] -- Generating done
[1.096s] -- Build files have been written to: /home/ecem/ros2_ws/src/build/leo_msgs
[1.101s] Invoked command in '/home/ecem/ros2_ws/src/build/leo_msgs' returned '0': CMAKE_PREFIX_PATH=${CMAKE_PREFIX_PATH}:/home/ecem/ros2_ws/install/swarm_segregation:/home/ecem/ros2_ws/install/swarm_basics:/opt/ros/humble /usr/bin/cmake /home/ecem/ros2_ws/src/leo_common-ros2/leo_msgs -DCMAKE_INSTALL_PREFIX=/home/ecem/ros2_ws/src/install/leo_msgs
[1.103s] Invoking command in '/home/ecem/ros2_ws/src/build/leo_msgs': CMAKE_PREFIX_PATH=${CMAKE_PREFIX_PATH}:/home/ecem/ros2_ws/install/swarm_segregation:/home/ecem/ros2_ws/install/swarm_basics:/opt/ros/humble /usr/bin/cmake --build /home/ecem/ros2_ws/src/build/leo_msgs -- -j22 -l22
[1.138s] [  1%] [34m[1mGenerating C code for ROS interfaces[0m
[1.145s] [  3%] [34m[1mGenerating C++ code for ROS interfaces[0m
[1.153s] [  3%] Built target ament_cmake_python_copy_leo_msgs
[1.317s] running egg_info
[1.317s] creating leo_msgs.egg-info
[1.317s] writing leo_msgs.egg-info/PKG-INFO
[1.317s] writing dependency_links to leo_msgs.egg-info/dependency_links.txt
[1.318s] writing top-level names to leo_msgs.egg-info/top_level.txt
[1.318s] writing manifest file 'leo_msgs.egg-info/SOURCES.txt'
[1.319s] reading manifest file 'leo_msgs.egg-info/SOURCES.txt'
[1.319s] writing manifest file 'leo_msgs.egg-info/SOURCES.txt'
[1.342s] [  3%] Built target ament_cmake_python_build_leo_msgs_egg
[1.431s] [  5%] [32mBuilding C object CMakeFiles/leo_msgs__rosidl_generator_c.dir/rosidl_generator_c/leo_msgs/msg/detail/wheel_odom_mecanum__functions.c.o[0m
[1.431s] [  7%] [32mBuilding C object CMakeFiles/leo_msgs__rosidl_generator_c.dir/rosidl_generator_c/leo_msgs/msg/detail/wheel_odom__functions.c.o[0m
[1.431s] [  9%] [32mBuilding C object CMakeFiles/leo_msgs__rosidl_generator_c.dir/rosidl_generator_c/leo_msgs/msg/detail/wheel_states__functions.c.o[0m
[1.432s] [ 10%] [32mBuilding C object CMakeFiles/leo_msgs__rosidl_generator_c.dir/rosidl_generator_c/leo_msgs/msg/detail/imu__functions.c.o[0m
[1.436s] [ 10%] Built target leo_msgs__cpp
[1.443s] [ 12%] [34m[1mGenerating C++ introspection for ROS interfaces[0m
[1.444s] [ 14%] [34m[1mGenerating C++ type support for eProsima Fast-RTPS[0m
[1.446s] [ 16%] [34m[1mGenerating C++ type support dispatch for ROS interfaces[0m
[1.471s] [ 18%] [32m[1mLinking C shared library libleo_msgs__rosidl_generator_c.so[0m
[1.498s] [ 18%] Built target leo_msgs__rosidl_generator_c
[1.505s] [ 20%] [34m[1mGenerating C type support dispatch for ROS interfaces[0m
[1.507s] [ 23%] [34m[1mGenerating C introspection for ROS interfaces[0m
[1.507s] [ 23%] [34m[1mGenerating C type support for eProsima Fast-RTPS[0m
[1.677s] [ 25%] [32mBuilding CXX object CMakeFiles/leo_msgs__rosidl_typesupport_cpp.dir/rosidl_typesupport_cpp/leo_msgs/msg/wheel_states__type_support.cpp.o[0m
[1.679s] [ 30%] [32mBuilding CXX object CMakeFiles/leo_msgs__rosidl_typesupport_cpp.dir/rosidl_typesupport_cpp/leo_msgs/msg/wheel_odom__type_support.cpp.o[0m
[1.679s] [ 30%] [32mBuilding CXX object CMakeFiles/leo_msgs__rosidl_typesupport_cpp.dir/rosidl_typesupport_cpp/leo_msgs/msg/imu__type_support.cpp.o[0m
[1.679s] [ 30%] [32mBuilding CXX object CMakeFiles/leo_msgs__rosidl_typesupport_cpp.dir/rosidl_typesupport_cpp/leo_msgs/msg/wheel_odom_mecanum__type_support.cpp.o[0m
[1.720s] [ 32%] [32mBuilding CXX object CMakeFiles/leo_msgs__rosidl_typesupport_introspection_cpp.dir/rosidl_typesupport_introspection_cpp/leo_msgs/msg/detail/wheel_states__type_support.cpp.o[0m
[1.722s] [ 34%] [32mBuilding CXX object CMakeFiles/leo_msgs__rosidl_typesupport_introspection_cpp.dir/rosidl_typesupport_introspection_cpp/leo_msgs/msg/detail/wheel_odom__type_support.cpp.o[0m
[1.723s] [ 36%] [32mBuilding CXX object CMakeFiles/leo_msgs__rosidl_typesupport_introspection_cpp.dir/rosidl_typesupport_introspection_cpp/leo_msgs/msg/detail/wheel_odom_mecanum__type_support.cpp.o[0m
[1.723s] [ 38%] [32mBuilding CXX object CMakeFiles/leo_msgs__rosidl_typesupport_introspection_cpp.dir/rosidl_typesupport_introspection_cpp/leo_msgs/msg/detail/imu__type_support.cpp.o[0m
[1.738s] [ 40%] [32mBuilding CXX object CMakeFiles/leo_msgs__rosidl_typesupport_fastrtps_cpp.dir/rosidl_typesupport_fastrtps_cpp/leo_msgs/msg/detail/dds_fastrtps/wheel_states__type_support.cpp.o[0m
[1.739s] [ 41%] [32mBuilding CXX object CMakeFiles/leo_msgs__rosidl_typesupport_fastrtps_cpp.dir/rosidl_typesupport_fastrtps_cpp/leo_msgs/msg/detail/dds_fastrtps/wheel_odom__type_support.cpp.o[0m
[1.739s] [ 43%] [32mBuilding CXX object CMakeFiles/leo_msgs__rosidl_typesupport_fastrtps_cpp.dir/rosidl_typesupport_fastrtps_cpp/leo_msgs/msg/detail/dds_fastrtps/wheel_odom_mecanum__type_support.cpp.o[0m
[1.741s] [ 45%] [32mBuilding CXX object CMakeFiles/leo_msgs__rosidl_typesupport_fastrtps_cpp.dir/rosidl_typesupport_fastrtps_cpp/leo_msgs/msg/detail/dds_fastrtps/imu__type_support.cpp.o[0m
[1.794s] [ 47%] [32mBuilding CXX object CMakeFiles/leo_msgs__rosidl_typesupport_c.dir/rosidl_typesupport_c/leo_msgs/msg/wheel_odom_mecanum__type_support.cpp.o[0m
[1.794s] [ 49%] [32mBuilding CXX object CMakeFiles/leo_msgs__rosidl_typesupport_c.dir/rosidl_typesupport_c/leo_msgs/msg/wheel_states__type_support.cpp.o[0m
[1.797s] [ 50%] [32mBuilding CXX object CMakeFiles/leo_msgs__rosidl_typesupport_c.dir/rosidl_typesupport_c/leo_msgs/msg/imu__type_support.cpp.o[0m
[1.801s] [ 52%] [32mBuilding CXX object CMakeFiles/leo_msgs__rosidl_typesupport_c.dir/rosidl_typesupport_c/leo_msgs/msg/wheel_odom__type_support.cpp.o[0m
[1.830s] [ 54%] [32m[1mLinking CXX shared library libleo_msgs__rosidl_typesupport_c.so[0m
[1.882s] [ 58%] [32mBuilding C object CMakeFiles/leo_msgs__rosidl_typesupport_introspection_c.dir/rosidl_typesupport_introspection_c/leo_msgs/msg/detail/wheel_odom__type_support.c.o[0m
[1.882s] [ 58%] [32mBuilding C object CMakeFiles/leo_msgs__rosidl_typesupport_introspection_c.dir/rosidl_typesupport_introspection_c/leo_msgs/msg/detail/imu__type_support.c.o[0m
[1.882s] [ 60%] [32mBuilding C object CMakeFiles/leo_msgs__rosidl_typesupport_introspection_c.dir/rosidl_typesupport_introspection_c/leo_msgs/msg/detail/wheel_odom_mecanum__type_support.c.o[0m
[1.886s] [ 61%] [32mBuilding C object CMakeFiles/leo_msgs__rosidl_typesupport_introspection_c.dir/rosidl_typesupport_introspection_c/leo_msgs/msg/detail/wheel_states__type_support.c.o[0m
[1.893s] [ 61%] Built target leo_msgs__rosidl_typesupport_c
[1.919s] [ 63%] [32m[1mLinking C shared library libleo_msgs__rosidl_typesupport_introspection_c.so[0m
[1.944s] [ 63%] Built target leo_msgs__rosidl_typesupport_introspection_c
[1.973s] [ 65%] [32mBuilding CXX object CMakeFiles/leo_msgs__rosidl_typesupport_fastrtps_c.dir/rosidl_typesupport_fastrtps_c/leo_msgs/msg/detail/wheel_odom_mecanum__type_support_c.cpp.o[0m
[1.974s] [ 70%] [32mBuilding CXX object CMakeFiles/leo_msgs__rosidl_typesupport_fastrtps_c.dir/rosidl_typesupport_fastrtps_c/leo_msgs/msg/detail/wheel_states__type_support_c.cpp.o[0m
[1.974s] [ 70%] [32mBuilding CXX object CMakeFiles/leo_msgs__rosidl_typesupport_fastrtps_c.dir/rosidl_typesupport_fastrtps_c/leo_msgs/msg/detail/imu__type_support_c.cpp.o[0m
[1.974s] [ 70%] [32mBuilding CXX object CMakeFiles/leo_msgs__rosidl_typesupport_fastrtps_c.dir/rosidl_typesupport_fastrtps_c/leo_msgs/msg/detail/wheel_odom__type_support_c.cpp.o[0m
[1.986s] [ 72%] [32m[1mLinking CXX shared library libleo_msgs__rosidl_typesupport_cpp.so[0m
[2.020s] [ 72%] Built target leo_msgs__rosidl_typesupport_cpp
[2.146s] [ 74%] [32m[1mLinking CXX shared library libleo_msgs__rosidl_typesupport_fastrtps_cpp.so[0m
[2.157s] [ 76%] [32m[1mLinking CXX shared library libleo_msgs__rosidl_typesupport_introspection_cpp.so[0m
[2.201s] [ 76%] Built target leo_msgs__rosidl_typesupport_fastrtps_cpp
[2.220s] [ 76%] Built target leo_msgs__rosidl_typesupport_introspection_cpp
[2.276s] [ 78%] [32m[1mLinking CXX shared library libleo_msgs__rosidl_typesupport_fastrtps_c.so[0m
[2.326s] [ 78%] Built target leo_msgs__rosidl_typesupport_fastrtps_c
[2.343s] [ 78%] Built target leo_msgs
[2.360s] [ 80%] [34m[1mGenerating Python code for ROS interfaces[0m
[2.797s] [ 80%] Built target leo_msgs__py
[2.813s] [ 81%] [32mBuilding C object CMakeFiles/leo_msgs__rosidl_generator_py.dir/rosidl_generator_py/leo_msgs/msg/_wheel_odom_mecanum_s.c.o[0m
[2.814s] [ 83%] [32mBuilding C object CMakeFiles/leo_msgs__rosidl_generator_py.dir/rosidl_generator_py/leo_msgs/msg/_imu_s.c.o[0m
[2.814s] [ 87%] [32mBuilding C object CMakeFiles/leo_msgs__rosidl_generator_py.dir/rosidl_generator_py/leo_msgs/msg/_wheel_odom_s.c.o[0m
[2.814s] [ 87%] [32mBuilding C object CMakeFiles/leo_msgs__rosidl_generator_py.dir/rosidl_generator_py/leo_msgs/msg/_wheel_states_s.c.o[0m
[2.896s] [ 89%] [32m[1mLinking C shared library rosidl_generator_py/leo_msgs/libleo_msgs__rosidl_generator_py.so[0m
[2.927s] [ 89%] Built target leo_msgs__rosidl_generator_py
[2.945s] [ 90%] [32mBuilding C object CMakeFiles/leo_msgs__rosidl_typesupport_c__pyext.dir/rosidl_generator_py/leo_msgs/_leo_msgs_s.ep.rosidl_typesupport_c.c.o[0m
[2.945s] [ 92%] [32mBuilding C object CMakeFiles/leo_msgs__rosidl_typesupport_fastrtps_c__pyext.dir/rosidl_generator_py/leo_msgs/_leo_msgs_s.ep.rosidl_typesupport_fastrtps_c.c.o[0m
[2.945s] [ 94%] [32mBuilding C object CMakeFiles/leo_msgs__rosidl_typesupport_introspection_c__pyext.dir/rosidl_generator_py/leo_msgs/_leo_msgs_s.ep.rosidl_typesupport_introspection_c.c.o[0m
[3.011s] [ 96%] [32m[1mLinking C shared library rosidl_generator_py/leo_msgs/leo_msgs_s__rosidl_typesupport_introspection_c.cpython-310-x86_64-linux-gnu.so[0m
[3.012s] [100%] [32m[1mLinking C shared library rosidl_generator_py/leo_msgs/leo_msgs_s__rosidl_typesupport_c.cpython-310-x86_64-linux-gnu.so[0m
[3.012s] [100%] [32m[1mLinking C shared library rosidl_generator_py/leo_msgs/leo_msgs_s__rosidl_typesupport_fastrtps_c.cpython-310-x86_64-linux-gnu.so[0m
[3.037s] [100%] Built target leo_msgs__rosidl_typesupport_c__pyext
[3.040s] [100%] Built target leo_msgs__rosidl_typesupport_introspection_c__pyext
[3.040s] [100%] Built target leo_msgs__rosidl_typesupport_fastrtps_c__pyext
[3.048s] Invoked command in '/home/ecem/ros2_ws/src/build/leo_msgs' returned '0': CMAKE_PREFIX_PATH=${CMAKE_PREFIX_PATH}:/home/ecem/ros2_ws/install/swarm_segregation:/home/ecem/ros2_ws/install/swarm_basics:/opt/ros/humble /usr/bin/cmake --build /home/ecem/ros2_ws/src/build/leo_msgs -- -j22 -l22
[3.049s] Invoking command in '/home/ecem/ros2_ws/src/build/leo_msgs': CMAKE_PREFIX_PATH=${CMAKE_PREFIX_PATH}:/home/ecem/ros2_ws/install/swarm_segregation:/home/ecem/ros2_ws/install/swarm_basics:/opt/ros/humble /usr/bin/cmake --install /home/ecem/ros2_ws/src/build/leo_msgs
[3.054s] -- Install configuration: ""
[3.054s] -- Installing: /home/ecem/ros2_ws/src/install/leo_msgs/share/ament_index/resource_index/rosidl_interfaces/leo_msgs
[3.054s] -- Installing: /home/ecem/ros2_ws/src/install/leo_msgs/include/leo_msgs/leo_msgs
[3.054s] -- Installing: /home/ecem/ros2_ws/src/install/leo_msgs/include/leo_msgs/leo_msgs/msg
[3.054s] -- Installing: /home/ecem/ros2_ws/src/install/leo_msgs/include/leo_msgs/leo_msgs/msg/rosidl_generator_c__visibility_control.h
[3.055s] -- Installing: /home/ecem/ros2_ws/src/install/leo_msgs/include/leo_msgs/leo_msgs/msg/wheel_states.h
[3.055s] -- Installing: /home/ecem/ros2_ws/src/install/leo_msgs/include/leo_msgs/leo_msgs/msg/wheel_odom.h
[3.055s] -- Installing: /home/ecem/ros2_ws/src/install/leo_msgs/include/leo_msgs/leo_msgs/msg/imu.h
[3.055s] -- Installing: /home/ecem/ros2_ws/src/install/leo_msgs/include/leo_msgs/leo_msgs/msg/detail
[3.055s] -- Installing: /home/ecem/ros2_ws/src/install/leo_msgs/include/leo_msgs/leo_msgs/msg/detail/wheel_odom__functions.h
[3.055s] -- Installing: /home/ecem/ros2_ws/src/install/leo_msgs/include/leo_msgs/leo_msgs/msg/detail/wheel_odom__struct.h
[3.055s] -- Installing: /home/ecem/ros2_ws/src/install/leo_msgs/include/leo_msgs/leo_msgs/msg/detail/wheel_odom_mecanum__functions.h
[3.055s] -- Installing: /home/ecem/ros2_ws/src/install/leo_msgs/include/leo_msgs/leo_msgs/msg/detail/wheel_states__functions.c
[3.055s] -- Installing: /home/ecem/ros2_ws/src/install/leo_msgs/include/leo_msgs/leo_msgs/msg/detail/wheel_odom_mecanum__struct.h
[3.055s] -- Installing: /home/ecem/ros2_ws/src/install/leo_msgs/include/leo_msgs/leo_msgs/msg/detail/wheel_odom__type_support.h
[3.055s] -- Installing: /home/ecem/ros2_ws/src/install/leo_msgs/include/leo_msgs/leo_msgs/msg/detail/wheel_states__type_support.h
[3.055s] -- Installing: /home/ecem/ros2_ws/src/install/leo_msgs/include/leo_msgs/leo_msgs/msg/detail/wheel_states__struct.h
[3.055s] -- Installing: /home/ecem/ros2_ws/src/install/leo_msgs/include/leo_msgs/leo_msgs/msg/detail/imu__functions.c
[3.055s] -- Installing: /home/ecem/ros2_ws/src/install/leo_msgs/include/leo_msgs/leo_msgs/msg/detail/wheel_odom_mecanum__functions.c
[3.055s] -- Installing: /home/ecem/ros2_ws/src/install/leo_msgs/include/leo_msgs/leo_msgs/msg/detail/imu__struct.h
[3.055s] -- Installing: /home/ecem/ros2_ws/src/install/leo_msgs/include/leo_msgs/leo_msgs/msg/detail/wheel_odom__functions.c
[3.055s] -- Installing: /home/ecem/ros2_ws/src/install/leo_msgs/include/leo_msgs/leo_msgs/msg/detail/wheel_odom_mecanum__type_support.h
[3.055s] -- Installing: /home/ecem/ros2_ws/src/install/leo_msgs/include/leo_msgs/leo_msgs/msg/detail/wheel_states__functions.h
[3.055s] -- Installing: /home/ecem/ros2_ws/src/install/leo_msgs/include/leo_msgs/leo_msgs/msg/detail/imu__type_support.h
[3.055s] -- Installing: /home/ecem/ros2_ws/src/install/leo_msgs/include/leo_msgs/leo_msgs/msg/detail/imu__functions.h
[3.055s] -- Installing: /home/ecem/ros2_ws/src/install/leo_msgs/include/leo_msgs/leo_msgs/msg/wheel_odom_mecanum.h
[3.055s] -- Installing: /home/ecem/ros2_ws/src/install/leo_msgs/share/leo_msgs/environment/library_path.sh
[3.055s] -- Installing: /home/ecem/ros2_ws/src/install/leo_msgs/share/leo_msgs/environment/library_path.dsv
[3.056s] -- Installing: /home/ecem/ros2_ws/src/install/leo_msgs/lib/libleo_msgs__rosidl_generator_c.so
[3.056s] -- Set runtime path of "/home/ecem/ros2_ws/src/install/leo_msgs/lib/libleo_msgs__rosidl_generator_c.so" to ""
[3.056s] -- Up-to-date: /home/ecem/ros2_ws/src/install/leo_msgs/include/leo_msgs/leo_msgs
[3.056s] -- Up-to-date: /home/ecem/ros2_ws/src/install/leo_msgs/include/leo_msgs/leo_msgs/msg
[3.056s] -- Installing: /home/ecem/ros2_ws/src/install/leo_msgs/include/leo_msgs/leo_msgs/msg/rosidl_typesupport_fastrtps_c__visibility_control.h
[3.056s] -- Up-to-date: /home/ecem/ros2_ws/src/install/leo_msgs/include/leo_msgs/leo_msgs/msg/detail
[3.056s] -- Installing: /home/ecem/ros2_ws/src/install/leo_msgs/include/leo_msgs/leo_msgs/msg/detail/wheel_states__rosidl_typesupport_fastrtps_c.h
[3.056s] -- Installing: /home/ecem/ros2_ws/src/install/leo_msgs/include/leo_msgs/leo_msgs/msg/detail/imu__rosidl_typesupport_fastrtps_c.h
[3.056s] -- Installing: /home/ecem/ros2_ws/src/install/leo_msgs/include/leo_msgs/leo_msgs/msg/detail/wheel_odom__rosidl_typesupport_fastrtps_c.h
[3.056s] -- Installing: /home/ecem/ros2_ws/src/install/leo_msgs/include/leo_msgs/leo_msgs/msg/detail/wheel_odom_mecanum__rosidl_typesupport_fastrtps_c.h
[3.056s] -- Installing: /home/ecem/ros2_ws/src/install/leo_msgs/lib/libleo_msgs__rosidl_typesupport_fastrtps_c.so
[3.056s] -- Set runtime path of "/home/ecem/ros2_ws/src/install/leo_msgs/lib/libleo_msgs__rosidl_typesupport_fastrtps_c.so" to ""
[3.056s] -- Up-to-date: /home/ecem/ros2_ws/src/install/leo_msgs/include/leo_msgs/leo_msgs
[3.056s] -- Up-to-date: /home/ecem/ros2_ws/src/install/leo_msgs/include/leo_msgs/leo_msgs/msg
[3.056s] -- Installing: /home/ecem/ros2_ws/src/install/leo_msgs/include/leo_msgs/leo_msgs/msg/rosidl_typesupport_introspection_c__visibility_control.h
[3.056s] -- Up-to-date: /home/ecem/ros2_ws/src/install/leo_msgs/include/leo_msgs/leo_msgs/msg/detail
[3.056s] -- Installing: /home/ecem/ros2_ws/src/install/leo_msgs/include/leo_msgs/leo_msgs/msg/detail/wheel_odom__type_support.c
[3.056s] -- Installing: /home/ecem/ros2_ws/src/install/leo_msgs/include/leo_msgs/leo_msgs/msg/detail/imu__type_support.c
[3.056s] -- Installing: /home/ecem/ros2_ws/src/install/leo_msgs/include/leo_msgs/leo_msgs/msg/detail/wheel_states__type_support.c
[3.056s] -- Installing: /home/ecem/ros2_ws/src/install/leo_msgs/include/leo_msgs/leo_msgs/msg/detail/imu__rosidl_typesupport_introspection_c.h
[3.056s] -- Installing: /home/ecem/ros2_ws/src/install/leo_msgs/include/leo_msgs/leo_msgs/msg/detail/wheel_states__rosidl_typesupport_introspection_c.h
[3.056s] -- Installing: /home/ecem/ros2_ws/src/install/leo_msgs/include/leo_msgs/leo_msgs/msg/detail/wheel_odom_mecanum__type_support.c
[3.056s] -- Installing: /home/ecem/ros2_ws/src/install/leo_msgs/include/leo_msgs/leo_msgs/msg/detail/wheel_odom_mecanum__rosidl_typesupport_introspection_c.h
[3.057s] -- Installing: /home/ecem/ros2_ws/src/install/leo_msgs/include/leo_msgs/leo_msgs/msg/detail/wheel_odom__rosidl_typesupport_introspection_c.h
[3.057s] -- Installing: /home/ecem/ros2_ws/src/install/leo_msgs/lib/libleo_msgs__rosidl_typesupport_introspection_c.so
[3.057s] -- Set runtime path of "/home/ecem/ros2_ws/src/install/leo_msgs/lib/libleo_msgs__rosidl_typesupport_introspection_c.so" to ""
[3.057s] -- Installing: /home/ecem/ros2_ws/src/install/leo_msgs/lib/libleo_msgs__rosidl_typesupport_c.so
[3.057s] -- Set runtime path of "/home/ecem/ros2_ws/src/install/leo_msgs/lib/libleo_msgs__rosidl_typesupport_c.so" to ""
[3.057s] -- Up-to-date: /home/ecem/ros2_ws/src/install/leo_msgs/include/leo_msgs/leo_msgs
[3.057s] -- Up-to-date: /home/ecem/ros2_ws/src/install/leo_msgs/include/leo_msgs/leo_msgs/msg
[3.057s] -- Installing: /home/ecem/ros2_ws/src/install/leo_msgs/include/leo_msgs/leo_msgs/msg/rosidl_generator_cpp__visibility_control.hpp
[3.057s] -- Installing: /home/ecem/ros2_ws/src/install/leo_msgs/include/leo_msgs/leo_msgs/msg/wheel_odom.hpp
[3.057s] -- Installing: /home/ecem/ros2_ws/src/install/leo_msgs/include/leo_msgs/leo_msgs/msg/wheel_states.hpp
[3.057s] -- Installing: /home/ecem/ros2_ws/src/install/leo_msgs/include/leo_msgs/leo_msgs/msg/imu.hpp
[3.057s] -- Installing: /home/ecem/ros2_ws/src/install/leo_msgs/include/leo_msgs/leo_msgs/msg/wheel_odom_mecanum.hpp
[3.057s] -- Up-to-date: /home/ecem/ros2_ws/src/install/leo_msgs/include/leo_msgs/leo_msgs/msg/detail
[3.057s] -- Installing: /home/ecem/ros2_ws/src/install/leo_msgs/include/leo_msgs/leo_msgs/msg/detail/imu__builder.hpp
[3.057s] -- Installing: /home/ecem/ros2_ws/src/install/leo_msgs/include/leo_msgs/leo_msgs/msg/detail/wheel_odom_mecanum__traits.hpp
[3.057s] -- Installing: /home/ecem/ros2_ws/src/install/leo_msgs/include/leo_msgs/leo_msgs/msg/detail/imu__struct.hpp
[3.057s] -- Installing: /home/ecem/ros2_ws/src/install/leo_msgs/include/leo_msgs/leo_msgs/msg/detail/wheel_states__builder.hpp
[3.057s] -- Installing: /home/ecem/ros2_ws/src/install/leo_msgs/include/leo_msgs/leo_msgs/msg/detail/wheel_odom_mecanum__builder.hpp
[3.057s] -- Installing: /home/ecem/ros2_ws/src/install/leo_msgs/include/leo_msgs/leo_msgs/msg/detail/wheel_states__struct.hpp
[3.057s] -- Installing: /home/ecem/ros2_ws/src/install/leo_msgs/include/leo_msgs/leo_msgs/msg/detail/imu__type_support.hpp
[3.057s] -- Installing: /home/ecem/ros2_ws/src/install/leo_msgs/include/leo_msgs/leo_msgs/msg/detail/wheel_odom_mecanum__struct.hpp
[3.057s] -- Installing: /home/ecem/ros2_ws/src/install/leo_msgs/include/leo_msgs/leo_msgs/msg/detail/wheel_states__type_support.hpp
[3.057s] -- Installing: /home/ecem/ros2_ws/src/install/leo_msgs/include/leo_msgs/leo_msgs/msg/detail/wheel_odom_mecanum__type_support.hpp
[3.058s] -- Installing: /home/ecem/ros2_ws/src/install/leo_msgs/include/leo_msgs/leo_msgs/msg/detail/wheel_odom__type_support.hpp
[3.058s] -- Installing: /home/ecem/ros2_ws/src/install/leo_msgs/include/leo_msgs/leo_msgs/msg/detail/wheel_odom__traits.hpp
[3.058s] -- Installing: /home/ecem/ros2_ws/src/install/leo_msgs/include/leo_msgs/leo_msgs/msg/detail/wheel_odom__struct.hpp
[3.058s] -- Installing: /home/ecem/ros2_ws/src/install/leo_msgs/include/leo_msgs/leo_msgs/msg/detail/wheel_states__traits.hpp
[3.058s] -- Installing: /home/ecem/ros2_ws/src/install/leo_msgs/include/leo_msgs/leo_msgs/msg/detail/wheel_odom__builder.hpp
[3.058s] -- Installing: /home/ecem/ros2_ws/src/install/leo_msgs/include/leo_msgs/leo_msgs/msg/detail/imu__traits.hpp
[3.058s] -- Up-to-date: /home/ecem/ros2_ws/src/install/leo_msgs/include/leo_msgs/leo_msgs
[3.058s] -- Up-to-date: /home/ecem/ros2_ws/src/install/leo_msgs/include/leo_msgs/leo_msgs/msg
[3.058s] -- Installing: /home/ecem/ros2_ws/src/install/leo_msgs/include/leo_msgs/leo_msgs/msg/rosidl_typesupport_fastrtps_cpp__visibility_control.h
[3.058s] -- Up-to-date: /home/ecem/ros2_ws/src/install/leo_msgs/include/leo_msgs/leo_msgs/msg/detail
[3.058s] -- Installing: /home/ecem/ros2_ws/src/install/leo_msgs/include/leo_msgs/leo_msgs/msg/detail/wheel_odom__rosidl_typesupport_fastrtps_cpp.hpp
[3.058s] -- Installing: /home/ecem/ros2_ws/src/install/leo_msgs/include/leo_msgs/leo_msgs/msg/detail/wheel_states__rosidl_typesupport_fastrtps_cpp.hpp
[3.058s] -- Installing: /home/ecem/ros2_ws/src/install/leo_msgs/include/leo_msgs/leo_msgs/msg/detail/imu__rosidl_typesupport_fastrtps_cpp.hpp
[3.058s] -- Installing: /home/ecem/ros2_ws/src/install/leo_msgs/include/leo_msgs/leo_msgs/msg/detail/wheel_odom_mecanum__rosidl_typesupport_fastrtps_cpp.hpp
[3.058s] -- Installing: /home/ecem/ros2_ws/src/install/leo_msgs/include/leo_msgs/leo_msgs/msg/detail/dds_fastrtps
[3.058s] -- Installing: /home/ecem/ros2_ws/src/install/leo_msgs/lib/libleo_msgs__rosidl_typesupport_fastrtps_cpp.so
[3.058s] -- Set runtime path of "/home/ecem/ros2_ws/src/install/leo_msgs/lib/libleo_msgs__rosidl_typesupport_fastrtps_cpp.so" to ""
[3.058s] -- Up-to-date: /home/ecem/ros2_ws/src/install/leo_msgs/include/leo_msgs/leo_msgs
[3.058s] -- Up-to-date: /home/ecem/ros2_ws/src/install/leo_msgs/include/leo_msgs/leo_msgs/msg
[3.058s] -- Up-to-date: /home/ecem/ros2_ws/src/install/leo_msgs/include/leo_msgs/leo_msgs/msg/detail
[3.058s] -- Installing: /home/ecem/ros2_ws/src/install/leo_msgs/include/leo_msgs/leo_msgs/msg/detail/wheel_odom_mecanum__rosidl_typesupport_introspection_cpp.hpp
[3.058s] -- Installing: /home/ecem/ros2_ws/src/install/leo_msgs/include/leo_msgs/leo_msgs/msg/detail/wheel_odom_mecanum__type_support.cpp
[3.058s] -- Installing: /home/ecem/ros2_ws/src/install/leo_msgs/include/leo_msgs/leo_msgs/msg/detail/wheel_states__type_support.cpp
[3.058s] -- Installing: /home/ecem/ros2_ws/src/install/leo_msgs/include/leo_msgs/leo_msgs/msg/detail/imu__rosidl_typesupport_introspection_cpp.hpp
[3.058s] -- Installing: /home/ecem/ros2_ws/src/install/leo_msgs/include/leo_msgs/leo_msgs/msg/detail/wheel_states__rosidl_typesupport_introspection_cpp.hpp
[3.059s] -- Installing: /home/ecem/ros2_ws/src/install/leo_msgs/include/leo_msgs/leo_msgs/msg/detail/wheel_odom__rosidl_typesupport_introspection_cpp.hpp
[3.059s] -- Installing: /home/ecem/ros2_ws/src/install/leo_msgs/include/leo_msgs/leo_msgs/msg/detail/wheel_odom__type_support.cpp
[3.059s] -- Installing: /home/ecem/ros2_ws/src/install/leo_msgs/include/leo_msgs/leo_msgs/msg/detail/imu__type_support.cpp
[3.059s] -- Installing: /home/ecem/ros2_ws/src/install/leo_msgs/lib/libleo_msgs__rosidl_typesupport_introspection_cpp.so
[3.059s] -- Set runtime path of "/home/ecem/ros2_ws/src/install/leo_msgs/lib/libleo_msgs__rosidl_typesupport_introspection_cpp.so" to ""
[3.059s] -- Installing: /home/ecem/ros2_ws/src/install/leo_msgs/lib/libleo_msgs__rosidl_typesupport_cpp.so
[3.059s] -- Set runtime path of "/home/ecem/ros2_ws/src/install/leo_msgs/lib/libleo_msgs__rosidl_typesupport_cpp.so" to ""
[3.059s] -- Installing: /home/ecem/ros2_ws/src/install/leo_msgs/share/leo_msgs/environment/pythonpath.sh
[3.059s] -- Installing: /home/ecem/ros2_ws/src/install/leo_msgs/share/leo_msgs/environment/pythonpath.dsv
[3.059s] -- Installing: /home/ecem/ros2_ws/src/install/leo_msgs/local/lib/python3.10/dist-packages/leo_msgs-3.1.0-py3.10.egg-info
[3.059s] -- Installing: /home/ecem/ros2_ws/src/install/leo_msgs/local/lib/python3.10/dist-packages/leo_msgs-3.1.0-py3.10.egg-info/PKG-INFO
[3.059s] -- Installing: /home/ecem/ros2_ws/src/install/leo_msgs/local/lib/python3.10/dist-packages/leo_msgs-3.1.0-py3.10.egg-info/dependency_links.txt
[3.059s] -- Installing: /home/ecem/ros2_ws/src/install/leo_msgs/local/lib/python3.10/dist-packages/leo_msgs-3.1.0-py3.10.egg-info/top_level.txt
[3.059s] -- Installing: /home/ecem/ros2_ws/src/install/leo_msgs/local/lib/python3.10/dist-packages/leo_msgs-3.1.0-py3.10.egg-info/SOURCES.txt
[3.059s] -- Installing: /home/ecem/ros2_ws/src/install/leo_msgs/local/lib/python3.10/dist-packages/leo_msgs
[3.059s] -- Installing: /home/ecem/ros2_ws/src/install/leo_msgs/local/lib/python3.10/dist-packages/leo_msgs/leo_msgs_s__rosidl_typesupport_introspection_c.cpython-310-x86_64-linux-gnu.so
[3.059s] -- Installing: /home/ecem/ros2_ws/src/install/leo_msgs/local/lib/python3.10/dist-packages/leo_msgs/__init__.py
[3.059s] -- Installing: /home/ecem/ros2_ws/src/install/leo_msgs/local/lib/python3.10/dist-packages/leo_msgs/msg
[3.059s] -- Installing: /home/ecem/ros2_ws/src/install/leo_msgs/local/lib/python3.10/dist-packages/leo_msgs/msg/_imu_s.c
[3.060s] -- Installing: /home/ecem/ros2_ws/src/install/leo_msgs/local/lib/python3.10/dist-packages/leo_msgs/msg/__init__.py
[3.060s] -- Installing: /home/ecem/ros2_ws/src/install/leo_msgs/local/lib/python3.10/dist-packages/leo_msgs/msg/_imu.py
[3.060s] -- Installing: /home/ecem/ros2_ws/src/install/leo_msgs/local/lib/python3.10/dist-packages/leo_msgs/msg/_wheel_odom_s.c
[3.060s] -- Installing: /home/ecem/ros2_ws/src/install/leo_msgs/local/lib/python3.10/dist-packages/leo_msgs/msg/_wheel_odom_mecanum.py
[3.060s] -- Installing: /home/ecem/ros2_ws/src/install/leo_msgs/local/lib/python3.10/dist-packages/leo_msgs/msg/_wheel_odom_mecanum_s.c
[3.060s] -- Installing: /home/ecem/ros2_ws/src/install/leo_msgs/local/lib/python3.10/dist-packages/leo_msgs/msg/_wheel_odom.py
[3.060s] -- Installing: /home/ecem/ros2_ws/src/install/leo_msgs/local/lib/python3.10/dist-packages/leo_msgs/msg/_wheel_states_s.c
[3.060s] -- Installing: /home/ecem/ros2_ws/src/install/leo_msgs/local/lib/python3.10/dist-packages/leo_msgs/msg/_wheel_states.py
[3.060s] -- Installing: /home/ecem/ros2_ws/src/install/leo_msgs/local/lib/python3.10/dist-packages/leo_msgs/_leo_msgs_s.ep.rosidl_typesupport_fastrtps_c.c
[3.060s] -- Installing: /home/ecem/ros2_ws/src/install/leo_msgs/local/lib/python3.10/dist-packages/leo_msgs/_leo_msgs_s.ep.rosidl_typesupport_introspection_c.c
[3.060s] -- Installing: /home/ecem/ros2_ws/src/install/leo_msgs/local/lib/python3.10/dist-packages/leo_msgs/leo_msgs_s__rosidl_typesupport_fastrtps_c.cpython-310-x86_64-linux-gnu.so
[3.060s] -- Installing: /home/ecem/ros2_ws/src/install/leo_msgs/local/lib/python3.10/dist-packages/leo_msgs/_leo_msgs_s.ep.rosidl_typesupport_c.c
[3.060s] -- Installing: /home/ecem/ros2_ws/src/install/leo_msgs/local/lib/python3.10/dist-packages/leo_msgs/libleo_msgs__rosidl_generator_py.so
[3.060s] -- Installing: /home/ecem/ros2_ws/src/install/leo_msgs/local/lib/python3.10/dist-packages/leo_msgs/leo_msgs_s__rosidl_typesupport_c.cpython-310-x86_64-linux-gnu.so
[3.083s] Listing '/home/ecem/ros2_ws/src/install/leo_msgs/local/lib/python3.10/dist-packages/leo_msgs'...
[3.083s] Compiling '/home/ecem/ros2_ws/src/install/leo_msgs/local/lib/python3.10/dist-packages/leo_msgs/__init__.py'...
[3.083s] Listing '/home/ecem/ros2_ws/src/install/leo_msgs/local/lib/python3.10/dist-packages/leo_msgs/msg'...
[3.083s] Compiling '/home/ecem/ros2_ws/src/install/leo_msgs/local/lib/python3.10/dist-packages/leo_msgs/msg/__init__.py'...
[3.084s] Compiling '/home/ecem/ros2_ws/src/install/leo_msgs/local/lib/python3.10/dist-packages/leo_msgs/msg/_imu.py'...
[3.084s] Compiling '/home/ecem/ros2_ws/src/install/leo_msgs/local/lib/python3.10/dist-packages/leo_msgs/msg/_wheel_odom.py'...
[3.084s] Compiling '/home/ecem/ros2_ws/src/install/leo_msgs/local/lib/python3.10/dist-packages/leo_msgs/msg/_wheel_odom_mecanum.py'...
[3.084s] Compiling '/home/ecem/ros2_ws/src/install/leo_msgs/local/lib/python3.10/dist-packages/leo_msgs/msg/_wheel_states.py'...
[3.086s] -- Installing: /home/ecem/ros2_ws/src/install/leo_msgs/local/lib/python3.10/dist-packages/leo_msgs/leo_msgs_s__rosidl_typesupport_fastrtps_c.cpython-310-x86_64-linux-gnu.so
[3.086s] -- Set runtime path of "/home/ecem/ros2_ws/src/install/leo_msgs/local/lib/python3.10/dist-packages/leo_msgs/leo_msgs_s__rosidl_typesupport_fastrtps_c.cpython-310-x86_64-linux-gnu.so" to ""
[3.086s] -- Installing: /home/ecem/ros2_ws/src/install/leo_msgs/local/lib/python3.10/dist-packages/leo_msgs/leo_msgs_s__rosidl_typesupport_introspection_c.cpython-310-x86_64-linux-gnu.so
[3.086s] -- Set runtime path of "/home/ecem/ros2_ws/src/install/leo_msgs/local/lib/python3.10/dist-packages/leo_msgs/leo_msgs_s__rosidl_typesupport_introspection_c.cpython-310-x86_64-linux-gnu.so" to ""
[3.086s] -- Installing: /home/ecem/ros2_ws/src/install/leo_msgs/local/lib/python3.10/dist-packages/leo_msgs/leo_msgs_s__rosidl_typesupport_c.cpython-310-x86_64-linux-gnu.so
[3.087s] -- Set runtime path of "/home/ecem/ros2_ws/src/install/leo_msgs/local/lib/python3.10/dist-packages/leo_msgs/leo_msgs_s__rosidl_typesupport_c.cpython-310-x86_64-linux-gnu.so" to ""
[3.087s] -- Installing: /home/ecem/ros2_ws/src/install/leo_msgs/lib/libleo_msgs__rosidl_generator_py.so
[3.087s] -- Set runtime path of "/home/ecem/ros2_ws/src/install/leo_msgs/lib/libleo_msgs__rosidl_generator_py.so" to ""
[3.087s] -- Installing: /home/ecem/ros2_ws/src/install/leo_msgs/share/leo_msgs/msg/Imu.idl
[3.087s] -- Installing: /home/ecem/ros2_ws/src/install/leo_msgs/share/leo_msgs/msg/WheelOdom.idl
[3.087s] -- Installing: /home/ecem/ros2_ws/src/install/leo_msgs/share/leo_msgs/msg/WheelOdomMecanum.idl
[3.087s] -- Installing: /home/ecem/ros2_ws/src/install/leo_msgs/share/leo_msgs/msg/WheelStates.idl
[3.087s] -- Installing: /home/ecem/ros2_ws/src/install/leo_msgs/share/leo_msgs/msg/Imu.msg
[3.087s] -- Installing: /home/ecem/ros2_ws/src/install/leo_msgs/share/leo_msgs/msg/WheelOdom.msg
[3.088s] -- Installing: /home/ecem/ros2_ws/src/install/leo_msgs/share/leo_msgs/msg/WheelOdomMecanum.msg
[3.088s] -- Installing: /home/ecem/ros2_ws/src/install/leo_msgs/share/leo_msgs/msg/WheelStates.msg
[3.088s] -- Installing: /home/ecem/ros2_ws/src/install/leo_msgs/share/ament_index/resource_index/package_run_dependencies/leo_msgs
[3.088s] -- Installing: /home/ecem/ros2_ws/src/install/leo_msgs/share/ament_index/resource_index/parent_prefix_path/leo_msgs
[3.088s] -- Installing: /home/ecem/ros2_ws/src/install/leo_msgs/share/leo_msgs/environment/ament_prefix_path.sh
[3.088s] -- Installing: /home/ecem/ros2_ws/src/install/leo_msgs/share/leo_msgs/environment/ament_prefix_path.dsv
[3.088s] -- Installing: /home/ecem/ros2_ws/src/install/leo_msgs/share/leo_msgs/environment/path.sh
[3.088s] -- Installing: /home/ecem/ros2_ws/src/install/leo_msgs/share/leo_msgs/environment/path.dsv
[3.088s] -- Installing: /home/ecem/ros2_ws/src/install/leo_msgs/share/leo_msgs/local_setup.bash
[3.088s] -- Installing: /home/ecem/ros2_ws/src/install/leo_msgs/share/leo_msgs/local_setup.sh
[3.088s] -- Installing: /home/ecem/ros2_ws/src/install/leo_msgs/share/leo_msgs/local_setup.zsh
[3.088s] -- Installing: /home/ecem/ros2_ws/src/install/leo_msgs/share/leo_msgs/local_setup.dsv
[3.088s] -- Installing: /home/ecem/ros2_ws/src/install/leo_msgs/share/leo_msgs/package.dsv
[3.088s] -- Installing: /home/ecem/ros2_ws/src/install/leo_msgs/share/ament_index/resource_index/packages/leo_msgs
[3.088s] -- Installing: /home/ecem/ros2_ws/src/install/leo_msgs/share/leo_msgs/cmake/export_leo_msgs__rosidl_generator_cExport.cmake
[3.088s] -- Installing: /home/ecem/ros2_ws/src/install/leo_msgs/share/leo_msgs/cmake/export_leo_msgs__rosidl_generator_cExport-noconfig.cmake
[3.088s] -- Installing: /home/ecem/ros2_ws/src/install/leo_msgs/share/leo_msgs/cmake/export_leo_msgs__rosidl_typesupport_fastrtps_cExport.cmake
[3.088s] -- Installing: /home/ecem/ros2_ws/src/install/leo_msgs/share/leo_msgs/cmake/export_leo_msgs__rosidl_typesupport_fastrtps_cExport-noconfig.cmake
[3.088s] -- Installing: /home/ecem/ros2_ws/src/install/leo_msgs/share/leo_msgs/cmake/leo_msgs__rosidl_typesupport_introspection_cExport.cmake
[3.088s] -- Installing: /home/ecem/ros2_ws/src/install/leo_msgs/share/leo_msgs/cmake/leo_msgs__rosidl_typesupport_introspection_cExport-noconfig.cmake
[3.089s] -- Installing: /home/ecem/ros2_ws/src/install/leo_msgs/share/leo_msgs/cmake/leo_msgs__rosidl_typesupport_cExport.cmake
[3.089s] -- Installing: /home/ecem/ros2_ws/src/install/leo_msgs/share/leo_msgs/cmake/leo_msgs__rosidl_typesupport_cExport-noconfig.cmake
[3.089s] -- Installing: /home/ecem/ros2_ws/src/install/leo_msgs/share/leo_msgs/cmake/export_leo_msgs__rosidl_generator_cppExport.cmake
[3.089s] -- Installing: /home/ecem/ros2_ws/src/install/leo_msgs/share/leo_msgs/cmake/export_leo_msgs__rosidl_typesupport_fastrtps_cppExport.cmake
[3.089s] -- Installing: /home/ecem/ros2_ws/src/install/leo_msgs/share/leo_msgs/cmake/export_leo_msgs__rosidl_typesupport_fastrtps_cppExport-noconfig.cmake
[3.089s] -- Installing: /home/ecem/ros2_ws/src/install/leo_msgs/share/leo_msgs/cmake/leo_msgs__rosidl_typesupport_introspection_cppExport.cmake
[3.089s] -- Installing: /home/ecem/ros2_ws/src/install/leo_msgs/share/leo_msgs/cmake/leo_msgs__rosidl_typesupport_introspection_cppExport-noconfig.cmake
[3.089s] -- Installing: /home/ecem/ros2_ws/src/install/leo_msgs/share/leo_msgs/cmake/leo_msgs__rosidl_typesupport_cppExport.cmake
[3.089s] -- Installing: /home/ecem/ros2_ws/src/install/leo_msgs/share/leo_msgs/cmake/leo_msgs__rosidl_typesupport_cppExport-noconfig.cmake
[3.089s] -- Installing: /home/ecem/ros2_ws/src/install/leo_msgs/share/leo_msgs/cmake/export_leo_msgs__rosidl_generator_pyExport.cmake
[3.089s] -- Installing: /home/ecem/ros2_ws/src/install/leo_msgs/share/leo_msgs/cmake/export_leo_msgs__rosidl_generator_pyExport-noconfig.cmake
[3.089s] -- Installing: /home/ecem/ros2_ws/src/install/leo_msgs/share/leo_msgs/cmake/rosidl_cmake-extras.cmake
[3.089s] -- Installing: /home/ecem/ros2_ws/src/install/leo_msgs/share/leo_msgs/cmake/ament_cmake_export_dependencies-extras.cmake
[3.089s] -- Installing: /home/ecem/ros2_ws/src/install/leo_msgs/share/leo_msgs/cmake/ament_cmake_export_include_directories-extras.cmake
[3.089s] -- Installing: /home/ecem/ros2_ws/src/install/leo_msgs/share/leo_msgs/cmake/ament_cmake_export_libraries-extras.cmake
[3.089s] -- Installing: /home/ecem/ros2_ws/src/install/leo_msgs/share/leo_msgs/cmake/ament_cmake_export_targets-extras.cmake
[3.089s] -- Installing: /home/ecem/ros2_ws/src/install/leo_msgs/share/leo_msgs/cmake/rosidl_cmake_export_typesupport_targets-extras.cmake
[3.089s] -- Installing: /home/ecem/ros2_ws/src/install/leo_msgs/share/leo_msgs/cmake/rosidl_cmake_export_typesupport_libraries-extras.cmake
[3.089s] -- Installing: /home/ecem/ros2_ws/src/install/leo_msgs/share/leo_msgs/cmake/leo_msgsConfig.cmake
[3.089s] -- Installing: /home/ecem/ros2_ws/src/install/leo_msgs/share/leo_msgs/cmake/leo_msgsConfig-version.cmake
[3.089s] -- Installing: /home/ecem/ros2_ws/src/install/leo_msgs/share/leo_msgs/package.xml
[3.091s] Invoked command in '/home/ecem/ros2_ws/src/build/leo_msgs' returned '0': CMAKE_PREFIX_PATH=${CMAKE_PREFIX_PATH}:/home/ecem/ros2_ws/install/swarm_segregation:/home/ecem/ros2_ws/install/swarm_basics:/opt/ros/humble /usr/bin/cmake --install /home/ecem/ros2_ws/src/build/leo_msgs
