[0.015s] Invoking command in '/home/ecem/ros2_ws/src/build/leo_teleop': CMAKE_PREFIX_PATH=${CMAKE_PREFIX_PATH}:/home/ecem/ros2_ws/install/swarm_segregation:/home/ecem/ros2_ws/install/swarm_basics:/opt/ros/humble /usr/bin/cmake /home/ecem/ros2_ws/src/leo_common-ros2/leo_teleop -DCMAKE_INSTALL_PREFIX=/home/ecem/ros2_ws/src/install/leo_teleop
[0.076s] -- The C compiler identification is GNU 11.4.0
[0.140s] -- The CXX compiler identification is GNU 11.4.0
[0.144s] -- Detecting C compiler ABI info
[0.186s] -- Detecting C compiler ABI info - done
[0.194s] -- Check for working C compiler: /usr/bin/cc - skipped
[0.194s] -- Detecting C compile features
[0.194s] -- Detecting C compile features - done
[0.196s] -- Detecting CXX compiler ABI info
[0.252s] -- Detecting CXX compiler ABI info - done
[0.257s] -- Check for working CXX compiler: /usr/bin/c++ - skipped
[0.257s] -- Detecting CXX compile features
[0.257s] -- Detecting CXX compile features - done
[0.259s] -- Found ament_cmake: 1.3.12 (/opt/ros/humble/share/ament_cmake/cmake)
[0.365s] -- Found Python3: /usr/bin/python3 (found version "3.10.12") found components: Interpreter 
[0.422s] -- Found ament_lint_auto: 0.12.14 (/opt/ros/humble/share/ament_lint_auto/cmake)
[0.463s] -- Added test 'lint_cmake' to check CMake code style
[0.464s] -- Added test 'xmllint' to check XML markup files
[0.465s] -- Configuring done
[0.468s] -- Generating done
[0.469s] -- Build files have been written to: /home/ecem/ros2_ws/src/build/leo_teleop
[0.474s] Invoked command in '/home/ecem/ros2_ws/src/build/leo_teleop' returned '0': CMAKE_PREFIX_PATH=${CMAKE_PREFIX_PATH}:/home/ecem/ros2_ws/install/swarm_segregation:/home/ecem/ros2_ws/install/swarm_basics:/opt/ros/humble /usr/bin/cmake /home/ecem/ros2_ws/src/leo_common-ros2/leo_teleop -DCMAKE_INSTALL_PREFIX=/home/ecem/ros2_ws/src/install/leo_teleop
[0.475s] Invoking command in '/home/ecem/ros2_ws/src/build/leo_teleop': CMAKE_PREFIX_PATH=${CMAKE_PREFIX_PATH}:/home/ecem/ros2_ws/install/swarm_segregation:/home/ecem/ros2_ws/install/swarm_basics:/opt/ros/humble /usr/bin/cmake --build /home/ecem/ros2_ws/src/build/leo_teleop -- -j22 -l22
[0.511s] Invoked command in '/home/ecem/ros2_ws/src/build/leo_teleop' returned '0': CMAKE_PREFIX_PATH=${CMAKE_PREFIX_PATH}:/home/ecem/ros2_ws/install/swarm_segregation:/home/ecem/ros2_ws/install/swarm_basics:/opt/ros/humble /usr/bin/cmake --build /home/ecem/ros2_ws/src/build/leo_teleop -- -j22 -l22
[0.512s] Invoking command in '/home/ecem/ros2_ws/src/build/leo_teleop': CMAKE_PREFIX_PATH=${CMAKE_PREFIX_PATH}:/home/ecem/ros2_ws/install/swarm_segregation:/home/ecem/ros2_ws/install/swarm_basics:/opt/ros/humble /usr/bin/cmake --install /home/ecem/ros2_ws/src/build/leo_teleop
[0.516s] -- Install configuration: ""
[0.516s] -- Installing: /home/ecem/ros2_ws/src/install/leo_teleop/share/leo_teleop/config
[0.517s] -- Installing: /home/ecem/ros2_ws/src/install/leo_teleop/share/leo_teleop/config/joy_config.yaml
[0.517s] -- Installing: /home/ecem/ros2_ws/src/install/leo_teleop/share/leo_teleop/launch
[0.517s] -- Installing: /home/ecem/ros2_ws/src/install/leo_teleop/share/leo_teleop/launch/joy_teleop.launch.xml
[0.517s] -- Installing: /home/ecem/ros2_ws/src/install/leo_teleop/share/leo_teleop/launch/key_teleop.launch.xml
[0.517s] -- Installing: /home/ecem/ros2_ws/src/install/leo_teleop/share/ament_index/resource_index/package_run_dependencies/leo_teleop
[0.517s] -- Installing: /home/ecem/ros2_ws/src/install/leo_teleop/share/ament_index/resource_index/parent_prefix_path/leo_teleop
[0.517s] -- Installing: /home/ecem/ros2_ws/src/install/leo_teleop/share/leo_teleop/environment/ament_prefix_path.sh
[0.517s] -- Installing: /home/ecem/ros2_ws/src/install/leo_teleop/share/leo_teleop/environment/ament_prefix_path.dsv
[0.517s] -- Installing: /home/ecem/ros2_ws/src/install/leo_teleop/share/leo_teleop/environment/path.sh
[0.517s] -- Installing: /home/ecem/ros2_ws/src/install/leo_teleop/share/leo_teleop/environment/path.dsv
[0.517s] -- Installing: /home/ecem/ros2_ws/src/install/leo_teleop/share/leo_teleop/local_setup.bash
[0.517s] -- Installing: /home/ecem/ros2_ws/src/install/leo_teleop/share/leo_teleop/local_setup.sh
[0.517s] -- Installing: /home/ecem/ros2_ws/src/install/leo_teleop/share/leo_teleop/local_setup.zsh
[0.518s] -- Installing: /home/ecem/ros2_ws/src/install/leo_teleop/share/leo_teleop/local_setup.dsv
[0.518s] -- Installing: /home/ecem/ros2_ws/src/install/leo_teleop/share/leo_teleop/package.dsv
[0.518s] -- Installing: /home/ecem/ros2_ws/src/install/leo_teleop/share/ament_index/resource_index/packages/leo_teleop
[0.518s] -- Installing: /home/ecem/ros2_ws/src/install/leo_teleop/share/leo_teleop/cmake/leo_teleopConfig.cmake
[0.518s] -- Installing: /home/ecem/ros2_ws/src/install/leo_teleop/share/leo_teleop/cmake/leo_teleopConfig-version.cmake
[0.518s] -- Installing: /home/ecem/ros2_ws/src/install/leo_teleop/share/leo_teleop/package.xml
[0.520s] Invoked command in '/home/ecem/ros2_ws/src/build/leo_teleop' returned '0': CMAKE_PREFIX_PATH=${CMAKE_PREFIX_PATH}:/home/ecem/ros2_ws/install/swarm_segregation:/home/ecem/ros2_ws/install/swarm_basics:/opt/ros/humble /usr/bin/cmake --install /home/ecem/ros2_ws/src/build/leo_teleop
