[0.021s] Invoking command in '/home/ecem/ros2_ws/src/build/leo_description': CMAKE_PREFIX_PATH=${CMAKE_PREFIX_PATH}:/home/ecem/ros2_ws/install/swarm_segregation:/home/ecem/ros2_ws/install/swarm_basics:/opt/ros/humble /usr/bin/cmake /home/ecem/ros2_ws/src/leo_common-ros2/leo_description -DCMAKE_INSTALL_PREFIX=/home/ecem/ros2_ws/src/install/leo_description
[0.088s] -- The C compiler identification is GNU 11.4.0
[0.136s] -- The CXX compiler identification is GNU 11.4.0
[0.143s] -- Detecting C compiler ABI info
[0.199s] -- Detecting C compiler ABI info - done
[0.203s] -- Check for working C compiler: /usr/bin/cc - skipped
[0.203s] -- Detecting C compile features
[0.204s] -- Detecting C compile features - done
[0.205s] -- Detecting CXX compiler ABI info
[0.258s] -- Detecting CXX compiler ABI info - done
[0.262s] -- Check for working CXX compiler: /usr/bin/c++ - skipped
[0.263s] -- Detecting CXX compile features
[0.263s] -- Detecting CXX compile features - done
[0.264s] -- Found ament_cmake: 1.3.12 (/opt/ros/humble/share/ament_cmake/cmake)
[0.390s] -- Found Python3: /usr/bin/python3 (found version "3.10.12") found components: Interpreter 
[0.455s] -- Found ament_lint_auto: 0.12.14 (/opt/ros/humble/share/ament_lint_auto/cmake)
[0.499s] -- Added test 'lint_cmake' to check CMake code style
[0.499s] -- Added test 'xmllint' to check XML markup files
[0.500s] -- Configuring done
[0.501s] -- Generating done
[0.502s] -- Build files have been written to: /home/ecem/ros2_ws/src/build/leo_description
[0.505s] Invoked command in '/home/ecem/ros2_ws/src/build/leo_description' returned '0': CMAKE_PREFIX_PATH=${CMAKE_PREFIX_PATH}:/home/ecem/ros2_ws/install/swarm_segregation:/home/ecem/ros2_ws/install/swarm_basics:/opt/ros/humble /usr/bin/cmake /home/ecem/ros2_ws/src/leo_common-ros2/leo_description -DCMAKE_INSTALL_PREFIX=/home/ecem/ros2_ws/src/install/leo_description
[0.506s] Invoking command in '/home/ecem/ros2_ws/src/build/leo_description': CMAKE_PREFIX_PATH=${CMAKE_PREFIX_PATH}:/home/ecem/ros2_ws/install/swarm_segregation:/home/ecem/ros2_ws/install/swarm_basics:/opt/ros/humble /usr/bin/cmake --build /home/ecem/ros2_ws/src/build/leo_description -- -j22 -l22
[0.546s] Invoked command in '/home/ecem/ros2_ws/src/build/leo_description' returned '0': CMAKE_PREFIX_PATH=${CMAKE_PREFIX_PATH}:/home/ecem/ros2_ws/install/swarm_segregation:/home/ecem/ros2_ws/install/swarm_basics:/opt/ros/humble /usr/bin/cmake --build /home/ecem/ros2_ws/src/build/leo_description -- -j22 -l22
[0.548s] Invoking command in '/home/ecem/ros2_ws/src/build/leo_description': CMAKE_PREFIX_PATH=${CMAKE_PREFIX_PATH}:/home/ecem/ros2_ws/install/swarm_segregation:/home/ecem/ros2_ws/install/swarm_basics:/opt/ros/humble /usr/bin/cmake --install /home/ecem/ros2_ws/src/build/leo_description
[0.553s] -- Install configuration: ""
[0.553s] -- Installing: /home/ecem/ros2_ws/src/install/leo_description/share/leo_description/launch
[0.553s] -- Installing: /home/ecem/ros2_ws/src/install/leo_description/share/leo_description/launch/state_publisher.launch.xml
[0.553s] -- Installing: /home/ecem/ros2_ws/src/install/leo_description/share/leo_description/models
[0.553s] -- Installing: /home/ecem/ros2_ws/src/install/leo_description/share/leo_description/models/Rocker.dae
[0.558s] -- Installing: /home/ecem/ros2_ws/src/install/leo_description/share/leo_description/models/Mecanum_wheel_outline.stl
[0.559s] -- Installing: /home/ecem/ros2_ws/src/install/leo_description/share/leo_description/models/Chassis_outline.stl
[0.559s] -- Installing: /home/ecem/ros2_ws/src/install/leo_description/share/leo_description/models/d435.dae
[0.588s] -- Installing: /home/ecem/ros2_ws/src/install/leo_description/share/leo_description/models/d435
[0.589s] -- Installing: /home/ecem/ros2_ws/src/install/leo_description/share/leo_description/models/d435/materials
[0.589s] -- Installing: /home/ecem/ros2_ws/src/install/leo_description/share/leo_description/models/d435/materials/scripts
[0.589s] -- Installing: /home/ecem/ros2_ws/src/install/leo_description/share/leo_description/models/d435/materials/scripts/model.material
[0.589s] -- Installing: /home/ecem/ros2_ws/src/install/leo_description/share/leo_description/models/d435/materials/textures
[0.589s] -- Installing: /home/ecem/ros2_ws/src/install/leo_description/share/leo_description/models/d435/materials/textures/RealSense_Roughness.png
[0.591s] -- Installing: /home/ecem/ros2_ws/src/install/leo_description/share/leo_description/models/d435/materials/textures/RealSense_Metalness.png
[0.592s] -- Installing: /home/ecem/ros2_ws/src/install/leo_description/share/leo_description/models/d435/materials/textures/RealSense_Albedo.png
[0.592s] -- Installing: /home/ecem/ros2_ws/src/install/leo_description/share/leo_description/models/d435/materials/textures/RealSense_Normal.png
[0.593s] -- Installing: /home/ecem/ros2_ws/src/install/leo_description/share/leo_description/models/d435/thumbnails
[0.593s] -- Installing: /home/ecem/ros2_ws/src/install/leo_description/share/leo_description/models/d435/thumbnails/3.png
[0.593s] -- Installing: /home/ecem/ros2_ws/src/install/leo_description/share/leo_description/models/d435/thumbnails/2.png
[0.594s] -- Installing: /home/ecem/ros2_ws/src/install/leo_description/share/leo_description/models/d435/thumbnails/1.png
[0.594s] -- Installing: /home/ecem/ros2_ws/src/install/leo_description/share/leo_description/models/d435/thumbnails/4.png
[0.594s] -- Installing: /home/ecem/ros2_ws/src/install/leo_description/share/leo_description/models/d435/meshes
[0.594s] -- Installing: /home/ecem/ros2_ws/src/install/leo_description/share/leo_description/models/d435/meshes/realsense.dae
[0.594s] -- Installing: /home/ecem/ros2_ws/src/install/leo_description/share/leo_description/models/d435/model.sdf
[0.595s] -- Installing: /home/ecem/ros2_ws/src/install/leo_description/share/leo_description/models/d435/model.config
[0.595s] -- Installing: /home/ecem/ros2_ws/src/install/leo_description/share/leo_description/models/WheelB.dae
[0.598s] -- Installing: /home/ecem/ros2_ws/src/install/leo_description/share/leo_description/models/Wheel_outline.stl
[0.598s] -- Installing: /home/ecem/ros2_ws/src/install/leo_description/share/leo_description/models/Rocker_outline.stl
[0.598s] -- Installing: /home/ecem/ros2_ws/src/install/leo_description/share/leo_description/models/Chassis.dae
[0.614s] -- Installing: /home/ecem/ros2_ws/src/install/leo_description/share/leo_description/models/WheelMecanumB.dae
[0.621s] -- Installing: /home/ecem/ros2_ws/src/install/leo_description/share/leo_description/models/WheelMecanumA.dae
[0.632s] -- Installing: /home/ecem/ros2_ws/src/install/leo_description/share/leo_description/models/WheelA.dae
[0.636s] -- Installing: /home/ecem/ros2_ws/src/install/leo_description/share/leo_description/models/Antenna.dae
[0.637s] -- Installing: /home/ecem/ros2_ws/src/install/leo_description/share/leo_description/models/Lidar_pacecat.stl
[0.637s] -- Installing: /home/ecem/ros2_ws/src/install/leo_description/share/leo_description/urdf
[0.637s] -- Installing: /home/ecem/ros2_ws/src/install/leo_description/share/leo_description/urdf/leo.urdf.xacro
[0.637s] -- Installing: /home/ecem/ros2_ws/src/install/leo_description/share/leo_description/urdf/leo.sdf
[0.637s] -- Installing: /home/ecem/ros2_ws/src/install/leo_description/share/leo_description/urdf/leo_sim.urdf.xacro
[0.637s] -- Installing: /home/ecem/ros2_ws/src/install/leo_description/share/leo_description/urdf/macros_yedek.xacro
[0.637s] -- Installing: /home/ecem/ros2_ws/src/install/leo_description/share/leo_description/urdf/leo_sensor.sdf
[0.638s] -- Installing: /home/ecem/ros2_ws/src/install/leo_description/share/leo_description/urdf/macros.xacro
[0.638s] -- Installing: /home/ecem/ros2_ws/src/install/leo_description/share/leo_description/environment/gz_sim_resource_path.sh
[0.638s] -- Installing: /home/ecem/ros2_ws/src/install/leo_description/share/leo_description/environment/gz_sim_resource_path.dsv
[0.638s] -- Installing: /home/ecem/ros2_ws/src/install/leo_description/share/ament_index/resource_index/package_run_dependencies/leo_description
[0.638s] -- Installing: /home/ecem/ros2_ws/src/install/leo_description/share/ament_index/resource_index/parent_prefix_path/leo_description
[0.638s] -- Installing: /home/ecem/ros2_ws/src/install/leo_description/share/leo_description/environment/ament_prefix_path.sh
[0.638s] -- Installing: /home/ecem/ros2_ws/src/install/leo_description/share/leo_description/environment/ament_prefix_path.dsv
[0.639s] -- Installing: /home/ecem/ros2_ws/src/install/leo_description/share/leo_description/environment/path.sh
[0.639s] -- Installing: /home/ecem/ros2_ws/src/install/leo_description/share/leo_description/environment/path.dsv
[0.639s] -- Installing: /home/ecem/ros2_ws/src/install/leo_description/share/leo_description/local_setup.bash
[0.639s] -- Installing: /home/ecem/ros2_ws/src/install/leo_description/share/leo_description/local_setup.sh
[0.639s] -- Installing: /home/ecem/ros2_ws/src/install/leo_description/share/leo_description/local_setup.zsh
[0.639s] -- Installing: /home/ecem/ros2_ws/src/install/leo_description/share/leo_description/local_setup.dsv
[0.639s] -- Installing: /home/ecem/ros2_ws/src/install/leo_description/share/leo_description/package.dsv
[0.639s] -- Installing: /home/ecem/ros2_ws/src/install/leo_description/share/ament_index/resource_index/packages/leo_description
[0.639s] -- Installing: /home/ecem/ros2_ws/src/install/leo_description/share/leo_description/cmake/leo_descriptionConfig.cmake
[0.640s] -- Installing: /home/ecem/ros2_ws/src/install/leo_description/share/leo_description/cmake/leo_descriptionConfig-version.cmake
[0.640s] -- Installing: /home/ecem/ros2_ws/src/install/leo_description/share/leo_description/package.xml
[0.643s] Invoked command in '/home/ecem/ros2_ws/src/build/leo_description' returned '0': CMAKE_PREFIX_PATH=${CMAKE_PREFIX_PATH}:/home/ecem/ros2_ws/install/swarm_segregation:/home/ecem/ros2_ws/install/swarm_basics:/opt/ros/humble /usr/bin/cmake --install /home/ecem/ros2_ws/src/build/leo_description
