[0.018s] Invoking command in '/home/ecem/ros2_ws/src/build/leo_gz_plugins': CMAKE_PREFIX_PATH=${CMAKE_PREFIX_PATH}:/home/ecem/ros2_ws/install/swarm_segregation:/home/ecem/ros2_ws/install/swarm_basics:/opt/ros/humble /usr/bin/cmake /home/ecem/ros2_ws/src/leo_simulator-ros2/leo_gz_plugins -DCMAKE_INSTALL_PREFIX=/home/ecem/ros2_ws/src/install/leo_gz_plugins
[0.079s] -- The C compiler identification is GNU 11.4.0
[0.145s] -- The CXX compiler identification is GNU 11.4.0
[0.152s] -- Detecting C compiler ABI info
[0.198s] -- Detecting C compiler ABI info - done
[0.202s] -- Check for working C compiler: /usr/bin/cc - skipped
[0.202s] -- Detecting C compile features
[0.203s] -- Detecting C compile features - done
[0.204s] -- Detecting CXX compiler ABI info
[0.266s] -- Detecting CXX compiler ABI info - done
[0.270s] -- Check for working CXX compiler: /usr/bin/c++ - skipped
[0.270s] -- Detecting CXX compile features
[0.271s] -- Detecting CXX compile features - done
[0.272s] -- Found ament_cmake: 1.3.12 (/opt/ros/humble/share/ament_cmake/cmake)
[0.388s] -- Found Python3: /usr/bin/python3 (found version "3.10.12") found components: Interpreter 
[0.446s] -- Looking for ignition-plugin1 -- found version 1.4.0
[0.452s] -- Searching for dependencies of ignition-plugin1
[0.453s] -- Searching for <ignition-plugin1> component [register]
[0.455s] -- Looking for ignition-plugin1-register -- found version 1.4.0
[0.455s] -- Searching for dependencies of ignition-plugin1-register
[0.462s] -- Looking for ignition-gazebo6 -- found version 6.17.0
[0.463s] -- Searching for dependencies of ignition-gazebo6
[0.465s] -- Looking for sdformat12 -- found version 12.8.0
[0.465s] -- Searching for dependencies of sdformat12
[0.470s] -- Checking for module 'tinyxml2'
[0.481s] --   Found tinyxml2, version 9.0.0
[0.511s] -- Looking for ignition-math6 -- found version 6.15.1
[0.512s] -- Searching for dependencies of ignition-math6
[0.516s] -- Looking for ignition-utils1 -- found version 1.5.1
[0.516s] -- Searching for dependencies of ignition-utils1
[0.518s] -- Looking for ignition-plugin1 -- found version 1.4.0
[0.518s] -- Searching for dependencies of ignition-plugin1
[0.518s] -- Searching for <ignition-plugin1> component [loader]
[0.520s] -- Looking for ignition-plugin1-loader -- found version 1.4.0
[0.520s] -- Searching for dependencies of ignition-plugin1-loader
[0.521s] -- Searching for <ignition-plugin1> component [register]
[0.524s] -- Looking for ignition-transport11 -- found version 11.4.1
[0.524s] -- Searching for dependencies of ignition-transport11
[0.665s] -- Found Protobuf: /usr/lib/x86_64-linux-gnu/libprotobuf.so (found version "3.12.4") 
[0.671s] -- Config-file not installed for ZeroMQ -- checking for pkg-config
[0.674s] -- Checking for module 'libzmq >= 4'
[0.683s] --   Found libzmq , version 4.3.4
[0.710s] -- Found ZeroMQ: TRUE (Required is at least version "4") 
[0.713s] -- Checking for module 'uuid'
[0.724s] --   Found uuid, version 2.37.2
[0.750s] -- Found UUID: TRUE  
[0.751s] -- Looking for ignition-utils1 -- found version 1.5.1
[0.751s] -- Searching for dependencies of ignition-utils1
[0.751s] -- Searching for <ignition-utils1> component [cli]
[0.753s] -- Looking for ignition-utils1-cli -- found version 1.5.1
[0.754s] -- Searching for dependencies of ignition-utils1-cli
[0.756s] -- Looking for ignition-msgs8 -- found version 8.7.0
[0.756s] -- Searching for dependencies of ignition-msgs8
[0.772s] -- Found Protobuf: /usr/lib/x86_64-linux-gnu/libprotobuf.so (found suitable version "3.12.4", minimum required is "3") 
[0.773s] -- Looking for ignition-math6 -- found version 6.15.1
[0.784s] -- Searching for <ignition-transport11> component [log]
[0.786s] -- Looking for ignition-transport11-log -- found version 11.4.1
[0.786s] -- Searching for dependencies of ignition-transport11-log
[0.787s] -- Searching for <ignition-transport11> component [parameters]
[0.789s] -- Looking for ignition-transport11-parameters -- found version 11.4.1
[0.790s] -- Searching for dependencies of ignition-transport11-parameters
[0.791s] -- Looking for ignition-msgs8 -- found version 8.7.0
[0.793s] -- Looking for ignition-common4 -- found version 4.7.0
[0.794s] -- Searching for dependencies of ignition-common4
[0.794s] -- Looking for dlfcn.h - found
[0.795s] -- Looking for libdl - found
[0.796s] -- Found DL: TRUE  
[0.804s] -- Searching for <ignition-common4> component [profiler]
[0.805s] -- Looking for ignition-common4-profiler -- found version 4.7.0
[0.805s] -- Searching for dependencies of ignition-common4-profiler
[0.806s] -- Searching for <ignition-common4> component [events]
[0.807s] -- Looking for ignition-common4-events -- found version 4.7.0
[0.808s] -- Searching for dependencies of ignition-common4-events
[0.808s] -- Looking for ignition-math6 -- found version 6.15.1
[0.808s] -- Searching for <ignition-common4> component [av]
[0.810s] -- Looking for ignition-common4-av -- found version 4.7.0
[0.810s] -- Searching for dependencies of ignition-common4-av
[0.815s] -- Checking for module 'libswscale'
[0.825s] --   Found libswscale, version 5.9.100
[0.855s] -- Found SWSCALE: TRUE  
[0.860s] -- Checking for module 'libavdevice >= 56.4.100'
[0.870s] --   Found libavdevice , version 58.13.100
[0.900s] -- Found AVDEVICE: TRUE (Required is at least version "56.4.100") 
[0.904s] -- Checking for module 'libavformat'
[0.915s] --   Found libavformat, version 58.76.100
[0.945s] -- Found AVFORMAT: TRUE  
[0.949s] -- Checking for module 'libavcodec'
[0.957s] --   Found libavcodec, version 58.134.100
[0.984s] -- Found AVCODEC: TRUE  
[0.988s] -- Checking for module 'libavutil'
[0.997s] --   Found libavutil, version 56.70.100
[1.022s] -- Found AVUTIL: TRUE  
[1.024s] -- Looking for ignition-fuel_tools7 -- found version 7.3.1
[1.024s] -- Searching for dependencies of ignition-fuel_tools7
[1.088s] -- Found CURL: /usr/lib/x86_64-linux-gnu/libcurl.so (found version "7.81.0")  
[1.094s] -- Checking for module 'jsoncpp'
[1.104s] --   Found jsoncpp, version 1.9.5
[1.134s] -- Found JSONCPP: TRUE  
[1.139s] -- Checking for module 'libzip'
[1.150s] --   Found libzip, version 1.7.3
[1.177s] -- Found ZIP: TRUE  
[1.177s] -- Looking for ignition-common4 -- found version 4.7.0
[1.178s] -- Looking for ignition-math6 -- found version 6.15.1
[1.178s] -- Looking for ignition-msgs8 -- found version 8.7.0
[1.180s] -- Looking for ignition-gui6 -- found version 6.8.0
[1.181s] -- Searching for dependencies of ignition-gui6
[1.202s] -- Looking for ignition-math6 -- found version 6.15.1
[1.202s] -- Looking for ignition-common4 -- found version 4.7.0
[1.202s] -- Looking for ignition-plugin1 -- found version 1.4.0
[1.202s] -- Looking for ignition-transport11 -- found version 11.4.1
[1.204s] -- Looking for ignition-rendering6 -- found version 6.6.3
[1.204s] -- Searching for dependencies of ignition-rendering6
[1.204s] -- Looking for ignition-math6 -- found version 6.15.1
[1.205s] -- Searching for dependencies of ignition-math6
[1.205s] -- Searching for <ignition-math6> component [eigen3]
[1.206s] -- Looking for ignition-math6-eigen3 -- found version 6.15.1
[1.206s] -- Searching for dependencies of ignition-math6-eigen3
[1.212s] -- Looking for ignition-common4 -- found version 4.7.0
[1.212s] -- Searching for dependencies of ignition-common4
[1.212s] -- Looking for dlfcn.h - found
[1.212s] -- Looking for libdl - found
[1.221s] -- Searching for <ignition-common4> component [graphics]
[1.224s] -- Looking for ignition-common4-graphics -- found version 4.7.0
[1.224s] -- Searching for dependencies of ignition-common4-graphics
[1.224s] -- Looking for ignition-math6 -- found version 6.15.1
[1.225s] -- Looking for ignition-utils1 -- found version 1.5.1
[1.226s] -- Searching for <ignition-common4> component [events]
[1.226s] -- Looking for ignition-plugin1 -- found version 1.4.0
[1.227s] -- Searching for dependencies of ignition-plugin1
[1.227s] -- Searching for <ignition-plugin1> component [all]
[1.229s] -- Looking for all libraries of ignition-plugin1 -- found version 1.4.0
[1.229s] -- Looking for ignition-plugin1 -- found version 1.4.0
[1.232s] -- Looking for ignition-msgs8 -- found version 8.7.0
[1.258s] -- Looking for ignition-physics5 -- found version 5.3.2
[1.258s] -- Searching for dependencies of ignition-physics5
[1.258s] -- Looking for ignition-math6 -- found version 6.15.1
[1.258s] -- Looking for ignition-plugin1 -- found version 1.4.0
[1.259s] -- Looking for ignition-utils1 -- found version 1.5.1
[1.259s] -- Searching for <ignition-physics5> component [heightmap]
[1.261s] -- Looking for ignition-physics5-heightmap -- found version 5.3.2
[1.261s] -- Searching for dependencies of ignition-physics5-heightmap
[1.261s] -- Looking for ignition-common4 -- found version 4.7.0
[1.262s] -- Searching for <ignition-physics5> component [mesh]
[1.264s] -- Looking for ignition-physics5-mesh -- found version 5.3.2
[1.264s] -- Searching for dependencies of ignition-physics5-mesh
[1.264s] -- Looking for ignition-common4 -- found version 4.7.0
[1.265s] -- Searching for <ignition-physics5> component [sdf]
[1.266s] -- Looking for ignition-physics5-sdf -- found version 5.3.2
[1.266s] -- Searching for dependencies of ignition-physics5-sdf
[1.266s] -- Looking for sdformat12 -- found version 12.8.0
[1.268s] -- Looking for ignition-sensors6 -- found version 6.8.1
[1.269s] -- Searching for dependencies of ignition-sensors6
[1.280s] -- Found Protobuf: /usr/lib/x86_64-linux-gnu/libprotobuf.so (found version "3.12.4") 
[1.280s] -- Looking for ignition-math6 -- found version 6.15.1
[1.281s] -- Looking for ignition-common4 -- found version 4.7.0
[1.281s] -- Looking for ignition-transport11 -- found version 11.4.1
[1.281s] -- Looking for ignition-rendering6 -- found version 6.6.3
[1.281s] -- Looking for ignition-msgs8 -- found version 8.7.0
[1.282s] -- Looking for sdformat12 -- found version 12.8.0
[1.282s] -- Searching for <ignition-sensors6> component [air_pressure]
[1.284s] -- Looking for ignition-sensors6-air_pressure -- found version 6.8.1
[1.284s] -- Searching for dependencies of ignition-sensors6-air_pressure
[1.284s] -- Searching for <ignition-sensors6> component [altimeter]
[1.285s] -- Looking for ignition-sensors6-altimeter -- found version 6.8.1
[1.286s] -- Searching for dependencies of ignition-sensors6-altimeter
[1.286s] -- Searching for <ignition-sensors6> component [imu]
[1.287s] -- Looking for ignition-sensors6-imu -- found version 6.8.1
[1.288s] -- Searching for dependencies of ignition-sensors6-imu
[1.288s] -- Searching for <ignition-sensors6> component [force_torque]
[1.289s] -- Looking for ignition-sensors6-force_torque -- found version 6.8.1
[1.290s] -- Searching for dependencies of ignition-sensors6-force_torque
[1.290s] -- Searching for <ignition-sensors6> component [logical_camera]
[1.291s] -- Looking for ignition-sensors6-logical_camera -- found version 6.8.1
[1.292s] -- Searching for dependencies of ignition-sensors6-logical_camera
[1.292s] -- Searching for <ignition-sensors6> component [magnetometer]
[1.293s] -- Looking for ignition-sensors6-magnetometer -- found version 6.8.1
[1.294s] -- Searching for dependencies of ignition-sensors6-magnetometer
[1.294s] -- Searching for <ignition-sensors6> component [navsat]
[1.296s] -- Looking for ignition-sensors6-navsat -- found version 6.8.1
[1.296s] -- Searching for dependencies of ignition-sensors6-navsat
[1.296s] -- Searching for <ignition-sensors6> component [rendering]
[1.298s] -- Looking for ignition-sensors6-rendering -- found version 6.8.1
[1.298s] -- Searching for dependencies of ignition-sensors6-rendering
[1.298s] -- Searching for <ignition-sensors6> component [lidar]
[1.300s] -- Looking for ignition-sensors6-lidar -- found version 6.8.1
[1.300s] -- Searching for dependencies of ignition-sensors6-lidar
[1.300s] -- Looking for ignition-sensors6 -- found version 6.8.1
[1.301s] -- Searching for <ignition-sensors6> component [gpu_lidar]
[1.302s] -- Looking for ignition-sensors6-gpu_lidar -- found version 6.8.1
[1.302s] -- Searching for dependencies of ignition-sensors6-gpu_lidar
[1.303s] -- Looking for ignition-sensors6 -- found version 6.8.1
[1.303s] -- Searching for <ignition-sensors6> component [camera]
[1.304s] -- Looking for ignition-sensors6-camera -- found version 6.8.1
[1.305s] -- Searching for dependencies of ignition-sensors6-camera
[1.305s] -- Looking for ignition-sensors6 -- found version 6.8.1
[1.305s] -- Searching for <ignition-sensors6> component [boundingbox_camera]
[1.307s] -- Looking for ignition-sensors6-boundingbox_camera -- found version 6.8.1
[1.307s] -- Searching for dependencies of ignition-sensors6-boundingbox_camera
[1.307s] -- Searching for <ignition-sensors6> component [segmentation_camera]
[1.309s] -- Looking for ignition-sensors6-segmentation_camera -- found version 6.8.1
[1.309s] -- Searching for dependencies of ignition-sensors6-segmentation_camera
[1.309s] -- Searching for <ignition-sensors6> component [depth_camera]
[1.311s] -- Looking for ignition-sensors6-depth_camera -- found version 6.8.1
[1.311s] -- Searching for dependencies of ignition-sensors6-depth_camera
[1.311s] -- Looking for ignition-sensors6 -- found version 6.8.1
[1.312s] -- Searching for <ignition-sensors6> component [rgbd_camera]
[1.313s] -- Looking for ignition-sensors6-rgbd_camera -- found version 6.8.1
[1.313s] -- Searching for dependencies of ignition-sensors6-rgbd_camera
[1.313s] -- Looking for ignition-sensors6 -- found version 6.8.1
[1.314s] -- Searching for <ignition-sensors6> component [thermal_camera]
[1.315s] -- Looking for ignition-sensors6-thermal_camera -- found version 6.8.1
[1.316s] -- Searching for dependencies of ignition-sensors6-thermal_camera
[1.316s] -- Looking for ignition-sensors6 -- found version 6.8.1
[1.317s] -- Looking for ignition-rendering6 -- found version 6.6.3
[1.317s] -- Looking for ignition-math6 -- found version 6.15.1
[1.318s] -- Looking for ignition-utils1 -- found version 1.5.1
[1.336s] -- Found ament_lint_auto: 0.12.14 (/opt/ros/humble/share/ament_lint_auto/cmake)
[1.383s] -- Added test 'copyright' to check source files copyright and LICENSE
[1.384s] -- Added test 'cpplint' to check C / C++ code against the Google style
[1.384s] -- Configured cpplint exclude dirs and/or files: 
[1.384s] -- Added test 'lint_cmake' to check CMake code style
[1.384s] -- Added test 'uncrustify' to check C / C++ code style
[1.385s] -- Configured uncrustify additional arguments: 
[1.385s] -- Added test 'xmllint' to check XML markup files
[1.385s] -- Configuring done
[1.393s] -- Generating done
[1.395s] -- Build files have been written to: /home/ecem/ros2_ws/src/build/leo_gz_plugins
[1.402s] Invoked command in '/home/ecem/ros2_ws/src/build/leo_gz_plugins' returned '0': CMAKE_PREFIX_PATH=${CMAKE_PREFIX_PATH}:/home/ecem/ros2_ws/install/swarm_segregation:/home/ecem/ros2_ws/install/swarm_basics:/opt/ros/humble /usr/bin/cmake /home/ecem/ros2_ws/src/leo_simulator-ros2/leo_gz_plugins -DCMAKE_INSTALL_PREFIX=/home/ecem/ros2_ws/src/install/leo_gz_plugins
[1.404s] Invoking command in '/home/ecem/ros2_ws/src/build/leo_gz_plugins': CMAKE_PREFIX_PATH=${CMAKE_PREFIX_PATH}:/home/ecem/ros2_ws/install/swarm_segregation:/home/ecem/ros2_ws/install/swarm_basics:/opt/ros/humble /usr/bin/cmake --build /home/ecem/ros2_ws/src/build/leo_gz_plugins -- -j22 -l22
[1.445s] [ 50%] [32mBuilding CXX object CMakeFiles/leo_gz_differential_plugin.dir/src/differential_system.cpp.o[0m
[9.795s] [100%] [32m[1mLinking CXX shared library libleo_gz_differential_plugin.so[0m
[10.169s] [100%] Built target leo_gz_differential_plugin
[10.179s] Invoked command in '/home/ecem/ros2_ws/src/build/leo_gz_plugins' returned '0': CMAKE_PREFIX_PATH=${CMAKE_PREFIX_PATH}:/home/ecem/ros2_ws/install/swarm_segregation:/home/ecem/ros2_ws/install/swarm_basics:/opt/ros/humble /usr/bin/cmake --build /home/ecem/ros2_ws/src/build/leo_gz_plugins -- -j22 -l22
[10.180s] Invoking command in '/home/ecem/ros2_ws/src/build/leo_gz_plugins': CMAKE_PREFIX_PATH=${CMAKE_PREFIX_PATH}:/home/ecem/ros2_ws/install/swarm_segregation:/home/ecem/ros2_ws/install/swarm_basics:/opt/ros/humble /usr/bin/cmake --install /home/ecem/ros2_ws/src/build/leo_gz_plugins
[10.185s] -- Install configuration: ""
[10.185s] -- Installing: /home/ecem/ros2_ws/src/install/leo_gz_plugins/lib/libleo_gz_differential_plugin.so
[10.189s] -- Installing: /home/ecem/ros2_ws/src/install/leo_gz_plugins/share/leo_gz_plugins/environment/gz_sim_system_plugin_path.sh
[10.189s] -- Installing: /home/ecem/ros2_ws/src/install/leo_gz_plugins/share/leo_gz_plugins/environment/gz_sim_system_plugin_path.dsv
[10.189s] -- Installing: /home/ecem/ros2_ws/src/install/leo_gz_plugins/share/ament_index/resource_index/package_run_dependencies/leo_gz_plugins
[10.189s] -- Installing: /home/ecem/ros2_ws/src/install/leo_gz_plugins/share/ament_index/resource_index/parent_prefix_path/leo_gz_plugins
[10.189s] -- Installing: /home/ecem/ros2_ws/src/install/leo_gz_plugins/share/leo_gz_plugins/environment/ament_prefix_path.sh
[10.189s] -- Installing: /home/ecem/ros2_ws/src/install/leo_gz_plugins/share/leo_gz_plugins/environment/ament_prefix_path.dsv
[10.189s] -- Installing: /home/ecem/ros2_ws/src/install/leo_gz_plugins/share/leo_gz_plugins/environment/path.sh
[10.189s] -- Installing: /home/ecem/ros2_ws/src/install/leo_gz_plugins/share/leo_gz_plugins/environment/path.dsv
[10.189s] -- Installing: /home/ecem/ros2_ws/src/install/leo_gz_plugins/share/leo_gz_plugins/local_setup.bash
[10.189s] -- Installing: /home/ecem/ros2_ws/src/install/leo_gz_plugins/share/leo_gz_plugins/local_setup.sh
[10.190s] -- Installing: /home/ecem/ros2_ws/src/install/leo_gz_plugins/share/leo_gz_plugins/local_setup.zsh
[10.190s] -- Installing: /home/ecem/ros2_ws/src/install/leo_gz_plugins/share/leo_gz_plugins/local_setup.dsv
[10.190s] -- Installing: /home/ecem/ros2_ws/src/install/leo_gz_plugins/share/leo_gz_plugins/package.dsv
[10.190s] -- Installing: /home/ecem/ros2_ws/src/install/leo_gz_plugins/share/ament_index/resource_index/packages/leo_gz_plugins
[10.190s] -- Installing: /home/ecem/ros2_ws/src/install/leo_gz_plugins/share/leo_gz_plugins/cmake/leo_gz_pluginsConfig.cmake
[10.190s] -- Installing: /home/ecem/ros2_ws/src/install/leo_gz_plugins/share/leo_gz_plugins/cmake/leo_gz_pluginsConfig-version.cmake
[10.190s] -- Installing: /home/ecem/ros2_ws/src/install/leo_gz_plugins/share/leo_gz_plugins/package.xml
[10.192s] Invoked command in '/home/ecem/ros2_ws/src/build/leo_gz_plugins' returned '0': CMAKE_PREFIX_PATH=${CMAKE_PREFIX_PATH}:/home/ecem/ros2_ws/install/swarm_segregation:/home/ecem/ros2_ws/install/swarm_basics:/opt/ros/humble /usr/bin/cmake --install /home/ecem/ros2_ws/src/build/leo_gz_plugins
