running egg_info
creating ../build/swarm_basics/swarm_basics.egg-info
writing ../build/swarm_basics/swarm_basics.egg-info/PKG-INFO
writing dependency_links to ../build/swarm_basics/swarm_basics.egg-info/dependency_links.txt
writing entry points to ../build/swarm_basics/swarm_basics.egg-info/entry_points.txt
writing requirements to ../build/swarm_basics/swarm_basics.egg-info/requires.txt
writing top-level names to ../build/swarm_basics/swarm_basics.egg-info/top_level.txt
writing manifest file '../build/swarm_basics/swarm_basics.egg-info/SOURCES.txt'
reading manifest file '../build/swarm_basics/swarm_basics.egg-info/SOURCES.txt'
writing manifest file '../build/swarm_basics/swarm_basics.egg-info/SOURCES.txt'
running build
running build_py
creating /home/ecem/ros2_ws/src/build/swarm_basics/build
creating /home/ecem/ros2_ws/src/build/swarm_basics/build/lib
creating /home/ecem/ros2_ws/src/build/swarm_basics/build/lib/swarm_basics
copying swarm_basics/coverage_plotter.py -> /home/ecem/ros2_ws/src/build/swarm_basics/build/lib/swarm_basics
copying swarm_basics/robot_supervisor_3_movements.py -> /home/ecem/ros2_ws/src/build/swarm_basics/build/lib/swarm_basics
copying swarm_basics/__init__.py -> /home/ecem/ros2_ws/src/build/swarm_basics/build/lib/swarm_basics
copying swarm_basics/bump_counter.py -> /home/ecem/ros2_ws/src/build/swarm_basics/build/lib/swarm_basics
copying swarm_basics/sct.py -> /home/ecem/ros2_ws/src/build/swarm_basics/build/lib/swarm_basics
running install
running install_lib
creating /home/ecem/ros2_ws/src/install/swarm_basics/lib/python3.10/site-packages/swarm_basics
copying /home/ecem/ros2_ws/src/build/swarm_basics/build/lib/swarm_basics/coverage_plotter.py -> /home/ecem/ros2_ws/src/install/swarm_basics/lib/python3.10/site-packages/swarm_basics
copying /home/ecem/ros2_ws/src/build/swarm_basics/build/lib/swarm_basics/robot_supervisor_3_movements.py -> /home/ecem/ros2_ws/src/install/swarm_basics/lib/python3.10/site-packages/swarm_basics
copying /home/ecem/ros2_ws/src/build/swarm_basics/build/lib/swarm_basics/__init__.py -> /home/ecem/ros2_ws/src/install/swarm_basics/lib/python3.10/site-packages/swarm_basics
copying /home/ecem/ros2_ws/src/build/swarm_basics/build/lib/swarm_basics/bump_counter.py -> /home/ecem/ros2_ws/src/install/swarm_basics/lib/python3.10/site-packages/swarm_basics
copying /home/ecem/ros2_ws/src/build/swarm_basics/build/lib/swarm_basics/sct.py -> /home/ecem/ros2_ws/src/install/swarm_basics/lib/python3.10/site-packages/swarm_basics
byte-compiling /home/ecem/ros2_ws/src/install/swarm_basics/lib/python3.10/site-packages/swarm_basics/coverage_plotter.py to coverage_plotter.cpython-310.pyc
byte-compiling /home/ecem/ros2_ws/src/install/swarm_basics/lib/python3.10/site-packages/swarm_basics/robot_supervisor_3_movements.py to robot_supervisor_3_movements.cpython-310.pyc
byte-compiling /home/ecem/ros2_ws/src/install/swarm_basics/lib/python3.10/site-packages/swarm_basics/__init__.py to __init__.cpython-310.pyc
byte-compiling /home/ecem/ros2_ws/src/install/swarm_basics/lib/python3.10/site-packages/swarm_basics/bump_counter.py to bump_counter.cpython-310.pyc
byte-compiling /home/ecem/ros2_ws/src/install/swarm_basics/lib/python3.10/site-packages/swarm_basics/sct.py to sct.cpython-310.pyc
running install_data
creating /home/ecem/ros2_ws/src/install/swarm_basics/share/ament_index
creating /home/ecem/ros2_ws/src/install/swarm_basics/share/ament_index/resource_index
creating /home/ecem/ros2_ws/src/install/swarm_basics/share/ament_index/resource_index/packages
copying resource/swarm_basics -> /home/ecem/ros2_ws/src/install/swarm_basics/share/ament_index/resource_index/packages
copying package.xml -> /home/ecem/ros2_ws/src/install/swarm_basics/share/swarm_basics
creating /home/ecem/ros2_ws/src/install/swarm_basics/share/swarm_basics/launch
copying launch/spawn_multi_robots.launch.py -> /home/ecem/ros2_ws/src/install/swarm_basics/share/swarm_basics/launch
copying launch/leo_gz.launch.py -> /home/ecem/ros2_ws/src/install/swarm_basics/share/swarm_basics/launch
creating /home/ecem/ros2_ws/src/install/swarm_basics/share/swarm_basics/config
copying config/supervisor.yaml -> /home/ecem/ros2_ws/src/install/swarm_basics/share/swarm_basics/config
copying config/supervisor2.yaml -> /home/ecem/ros2_ws/src/install/swarm_basics/share/swarm_basics/config
copying config/sup_new.yaml -> /home/ecem/ros2_ws/src/install/swarm_basics/share/swarm_basics/config
copying config/cylinder_positions.json -> /home/ecem/ros2_ws/src/install/swarm_basics/share/swarm_basics/config
creating /home/ecem/ros2_ws/src/install/swarm_basics/share/swarm_basics/worlds
copying worlds/random_world.sdf -> /home/ecem/ros2_ws/src/install/swarm_basics/share/swarm_basics/worlds
running install_egg_info
Copying ../build/swarm_basics/swarm_basics.egg-info to /home/ecem/ros2_ws/src/install/swarm_basics/lib/python3.10/site-packages/swarm_basics-0.0.0-py3.10.egg-info
running install_scripts
Installing bump_counter script to /home/ecem/ros2_ws/src/install/swarm_basics/lib/swarm_basics
Installing coverage_plotter script to /home/ecem/ros2_ws/src/install/swarm_basics/lib/swarm_basics
Installing robot_supervisor_3_movements script to /home/ecem/ros2_ws/src/install/swarm_basics/lib/swarm_basics
writing list of installed files to '/home/ecem/ros2_ws/src/build/swarm_basics/install.log'
