[0.408s] Invoking command in '/home/ecem/ros2_ws/src/swarm_basics': PYTHONPATH=/home/ecem/ros2_ws/src/build/swarm_basics/prefix_override:/usr/lib/python3/dist-packages/colcon_core/task/python/colcon_distutils_commands:/home/ecem/ros2_ws/src/install/swarm_basics/lib/python3.10/site-packages:${PYTHONPATH} /usr/bin/python3 -W ignore:setup.py install is deprecated -W ignore:easy_install command is deprecated setup.py egg_info --egg-base ../build/swarm_basics build --build-base /home/ecem/ros2_ws/src/build/swarm_basics/build install --record /home/ecem/ros2_ws/src/build/swarm_basics/install.log --single-version-externally-managed install_data
[0.563s] running egg_info
[0.563s] creating ../build/swarm_basics/swarm_basics.egg-info
[0.563s] writing ../build/swarm_basics/swarm_basics.egg-info/PKG-INFO
[0.563s] writing dependency_links to ../build/swarm_basics/swarm_basics.egg-info/dependency_links.txt
[0.563s] writing entry points to ../build/swarm_basics/swarm_basics.egg-info/entry_points.txt
[0.563s] writing requirements to ../build/swarm_basics/swarm_basics.egg-info/requires.txt
[0.563s] writing top-level names to ../build/swarm_basics/swarm_basics.egg-info/top_level.txt
[0.563s] writing manifest file '../build/swarm_basics/swarm_basics.egg-info/SOURCES.txt'
[0.564s] reading manifest file '../build/swarm_basics/swarm_basics.egg-info/SOURCES.txt'
[0.565s] writing manifest file '../build/swarm_basics/swarm_basics.egg-info/SOURCES.txt'
[0.565s] running build
[0.565s] running build_py
[0.565s] creating /home/ecem/ros2_ws/src/build/swarm_basics/build
[0.565s] creating /home/ecem/ros2_ws/src/build/swarm_basics/build/lib
[0.565s] creating /home/ecem/ros2_ws/src/build/swarm_basics/build/lib/swarm_basics
[0.565s] copying swarm_basics/coverage_plotter.py -> /home/ecem/ros2_ws/src/build/swarm_basics/build/lib/swarm_basics
[0.565s] copying swarm_basics/robot_supervisor_3_movements.py -> /home/ecem/ros2_ws/src/build/swarm_basics/build/lib/swarm_basics
[0.565s] copying swarm_basics/__init__.py -> /home/ecem/ros2_ws/src/build/swarm_basics/build/lib/swarm_basics
[0.565s] copying swarm_basics/bump_counter.py -> /home/ecem/ros2_ws/src/build/swarm_basics/build/lib/swarm_basics
[0.565s] copying swarm_basics/sct.py -> /home/ecem/ros2_ws/src/build/swarm_basics/build/lib/swarm_basics
[0.565s] running install
[0.565s] running install_lib
[0.566s] creating /home/ecem/ros2_ws/src/install/swarm_basics/lib/python3.10/site-packages/swarm_basics
[0.566s] copying /home/ecem/ros2_ws/src/build/swarm_basics/build/lib/swarm_basics/coverage_plotter.py -> /home/ecem/ros2_ws/src/install/swarm_basics/lib/python3.10/site-packages/swarm_basics
[0.566s] copying /home/ecem/ros2_ws/src/build/swarm_basics/build/lib/swarm_basics/robot_supervisor_3_movements.py -> /home/ecem/ros2_ws/src/install/swarm_basics/lib/python3.10/site-packages/swarm_basics
[0.566s] copying /home/ecem/ros2_ws/src/build/swarm_basics/build/lib/swarm_basics/__init__.py -> /home/ecem/ros2_ws/src/install/swarm_basics/lib/python3.10/site-packages/swarm_basics
[0.566s] copying /home/ecem/ros2_ws/src/build/swarm_basics/build/lib/swarm_basics/bump_counter.py -> /home/ecem/ros2_ws/src/install/swarm_basics/lib/python3.10/site-packages/swarm_basics
[0.566s] copying /home/ecem/ros2_ws/src/build/swarm_basics/build/lib/swarm_basics/sct.py -> /home/ecem/ros2_ws/src/install/swarm_basics/lib/python3.10/site-packages/swarm_basics
[0.566s] byte-compiling /home/ecem/ros2_ws/src/install/swarm_basics/lib/python3.10/site-packages/swarm_basics/coverage_plotter.py to coverage_plotter.cpython-310.pyc
[0.567s] byte-compiling /home/ecem/ros2_ws/src/install/swarm_basics/lib/python3.10/site-packages/swarm_basics/robot_supervisor_3_movements.py to robot_supervisor_3_movements.cpython-310.pyc
[0.568s] byte-compiling /home/ecem/ros2_ws/src/install/swarm_basics/lib/python3.10/site-packages/swarm_basics/__init__.py to __init__.cpython-310.pyc
[0.568s] byte-compiling /home/ecem/ros2_ws/src/install/swarm_basics/lib/python3.10/site-packages/swarm_basics/bump_counter.py to bump_counter.cpython-310.pyc
[0.568s] byte-compiling /home/ecem/ros2_ws/src/install/swarm_basics/lib/python3.10/site-packages/swarm_basics/sct.py to sct.cpython-310.pyc
[0.569s] running install_data
[0.569s] creating /home/ecem/ros2_ws/src/install/swarm_basics/share/ament_index
[0.569s] creating /home/ecem/ros2_ws/src/install/swarm_basics/share/ament_index/resource_index
[0.569s] creating /home/ecem/ros2_ws/src/install/swarm_basics/share/ament_index/resource_index/packages
[0.569s] copying resource/swarm_basics -> /home/ecem/ros2_ws/src/install/swarm_basics/share/ament_index/resource_index/packages
[0.569s] copying package.xml -> /home/ecem/ros2_ws/src/install/swarm_basics/share/swarm_basics
[0.569s] creating /home/ecem/ros2_ws/src/install/swarm_basics/share/swarm_basics/launch
[0.569s] copying launch/spawn_multi_robots.launch.py -> /home/ecem/ros2_ws/src/install/swarm_basics/share/swarm_basics/launch
[0.569s] copying launch/leo_gz.launch.py -> /home/ecem/ros2_ws/src/install/swarm_basics/share/swarm_basics/launch
[0.569s] creating /home/ecem/ros2_ws/src/install/swarm_basics/share/swarm_basics/config
[0.569s] copying config/supervisor.yaml -> /home/ecem/ros2_ws/src/install/swarm_basics/share/swarm_basics/config
[0.570s] copying config/supervisor2.yaml -> /home/ecem/ros2_ws/src/install/swarm_basics/share/swarm_basics/config
[0.570s] copying config/sup_new.yaml -> /home/ecem/ros2_ws/src/install/swarm_basics/share/swarm_basics/config
[0.570s] copying config/cylinder_positions.json -> /home/ecem/ros2_ws/src/install/swarm_basics/share/swarm_basics/config
[0.570s] creating /home/ecem/ros2_ws/src/install/swarm_basics/share/swarm_basics/worlds
[0.570s] copying worlds/random_world.sdf -> /home/ecem/ros2_ws/src/install/swarm_basics/share/swarm_basics/worlds
[0.570s] running install_egg_info
[0.571s] Copying ../build/swarm_basics/swarm_basics.egg-info to /home/ecem/ros2_ws/src/install/swarm_basics/lib/python3.10/site-packages/swarm_basics-0.0.0-py3.10.egg-info
[0.571s] running install_scripts
[0.584s] Installing bump_counter script to /home/ecem/ros2_ws/src/install/swarm_basics/lib/swarm_basics
[0.584s] Installing coverage_plotter script to /home/ecem/ros2_ws/src/install/swarm_basics/lib/swarm_basics
[0.584s] Installing robot_supervisor_3_movements script to /home/ecem/ros2_ws/src/install/swarm_basics/lib/swarm_basics
[0.584s] writing list of installed files to '/home/ecem/ros2_ws/src/build/swarm_basics/install.log'
[0.602s] Invoked command in '/home/ecem/ros2_ws/src/swarm_basics' returned '0': PYTHONPATH=/home/ecem/ros2_ws/src/build/swarm_basics/prefix_override:/usr/lib/python3/dist-packages/colcon_core/task/python/colcon_distutils_commands:/home/ecem/ros2_ws/src/install/swarm_basics/lib/python3.10/site-packages:${PYTHONPATH} /usr/bin/python3 -W ignore:setup.py install is deprecated -W ignore:easy_install command is deprecated setup.py egg_info --egg-base ../build/swarm_basics build --build-base /home/ecem/ros2_ws/src/build/swarm_basics/build install --record /home/ecem/ros2_ws/src/build/swarm_basics/install.log --single-version-externally-managed install_data
