[0.007s] Invoking command in '/home/ecem/ros2_ws/src/build/leo_gz_bringup': AMENT_PREFIX_PATH=/home/ecem/ros2_ws/src/install/leo_gz_worlds:/home/ecem/ros2_ws/src/install/leo_gz_plugins:/home/ecem/ros2_ws/src/install/leo_description:${AMENT_PREFIX_PATH} CMAKE_PREFIX_PATH=/home/ecem/ros2_ws/src/install/leo_gz_worlds:/home/ecem/ros2_ws/src/install/leo_gz_plugins:/home/ecem/ros2_ws/src/install/leo_description:/home/ecem/ros2_ws/install/leo_desktop:/home/ecem/ros2_ws/install/leo_viz:/home/ecem/ros2_ws/install/leo:/home/ecem/ros2_ws/install/leo_teleop:/home/ecem/ros2_ws/install/leo_simulator:/home/ecem/ros2_ws/install/leo_msgs:/home/ecem/ros2_ws/install/leo_image:/home/ecem/ros2_ws/install/leo_gz_bringup:/home/ecem/ros2_ws/install/leo_gz_worlds:/home/ecem/ros2_ws/install/leo_gz_plugins:/home/ecem/ros2_ws/install/leo_description:/home/ecem/ros2_ws/install/swarm_segregation:/home/ecem/ros2_ws/install/swarm_basics:/opt/ros/humble LD_LIBRARY_PATH=/home/ecem/ros2_ws/src/install/leo_gz_plugins/lib:${LD_LIBRARY_PATH} /usr/bin/cmake /home/ecem/ros2_ws/src/leo_simulator-ros2/leo_gz_bringup -DCMAKE_INSTALL_PREFIX=/home/ecem/ros2_ws/src/install/leo_gz_bringup
[0.045s] -- The C compiler identification is GNU 11.4.0
[0.080s] -- The CXX compiler identification is GNU 11.4.0
[0.085s] -- Detecting C compiler ABI info
[0.133s] -- Detecting C compiler ABI info - done
[0.138s] -- Check for working C compiler: /usr/bin/cc - skipped
[0.138s] -- Detecting C compile features
[0.139s] -- Detecting C compile features - done
[0.140s] -- Detecting CXX compiler ABI info
[0.196s] -- Detecting CXX compiler ABI info - done
[0.201s] -- Check for working CXX compiler: /usr/bin/c++ - skipped
[0.201s] -- Detecting CXX compile features
[0.201s] -- Detecting CXX compile features - done
[0.203s] -- Found ament_cmake: 1.3.12 (/opt/ros/humble/share/ament_cmake/cmake)
[0.313s] -- Found Python3: /usr/bin/python3 (found version "3.10.12") found components: Interpreter 
[0.367s] -- Found ament_lint_auto: 0.12.14 (/opt/ros/humble/share/ament_lint_auto/cmake)
[0.417s] -- Added test 'black' to check Python code style
[0.417s] -- Added test 'copyright' to check source files copyright and LICENSE
[0.417s] -- Added test 'lint_cmake' to check CMake code style
[0.418s] -- Added test 'mypy' to statically type check Python code.
[0.418s] -- Added test 'xmllint' to check XML markup files
[0.419s] -- Configuring done
[0.420s] -- Generating done
[0.421s] -- Build files have been written to: /home/ecem/ros2_ws/src/build/leo_gz_bringup
[0.424s] Invoked command in '/home/ecem/ros2_ws/src/build/leo_gz_bringup' returned '0': AMENT_PREFIX_PATH=/home/ecem/ros2_ws/src/install/leo_gz_worlds:/home/ecem/ros2_ws/src/install/leo_gz_plugins:/home/ecem/ros2_ws/src/install/leo_description:${AMENT_PREFIX_PATH} CMAKE_PREFIX_PATH=/home/ecem/ros2_ws/src/install/leo_gz_worlds:/home/ecem/ros2_ws/src/install/leo_gz_plugins:/home/ecem/ros2_ws/src/install/leo_description:/home/ecem/ros2_ws/install/leo_desktop:/home/ecem/ros2_ws/install/leo_viz:/home/ecem/ros2_ws/install/leo:/home/ecem/ros2_ws/install/leo_teleop:/home/ecem/ros2_ws/install/leo_simulator:/home/ecem/ros2_ws/install/leo_msgs:/home/ecem/ros2_ws/install/leo_image:/home/ecem/ros2_ws/install/leo_gz_bringup:/home/ecem/ros2_ws/install/leo_gz_worlds:/home/ecem/ros2_ws/install/leo_gz_plugins:/home/ecem/ros2_ws/install/leo_description:/home/ecem/ros2_ws/install/swarm_segregation:/home/ecem/ros2_ws/install/swarm_basics:/opt/ros/humble LD_LIBRARY_PATH=/home/ecem/ros2_ws/src/install/leo_gz_plugins/lib:${LD_LIBRARY_PATH} /usr/bin/cmake /home/ecem/ros2_ws/src/leo_simulator-ros2/leo_gz_bringup -DCMAKE_INSTALL_PREFIX=/home/ecem/ros2_ws/src/install/leo_gz_bringup
[0.425s] Invoking command in '/home/ecem/ros2_ws/src/build/leo_gz_bringup': AMENT_PREFIX_PATH=/home/ecem/ros2_ws/src/install/leo_gz_worlds:/home/ecem/ros2_ws/src/install/leo_gz_plugins:/home/ecem/ros2_ws/src/install/leo_description:${AMENT_PREFIX_PATH} CMAKE_PREFIX_PATH=/home/ecem/ros2_ws/src/install/leo_gz_worlds:/home/ecem/ros2_ws/src/install/leo_gz_plugins:/home/ecem/ros2_ws/src/install/leo_description:/home/ecem/ros2_ws/install/leo_desktop:/home/ecem/ros2_ws/install/leo_viz:/home/ecem/ros2_ws/install/leo:/home/ecem/ros2_ws/install/leo_teleop:/home/ecem/ros2_ws/install/leo_simulator:/home/ecem/ros2_ws/install/leo_msgs:/home/ecem/ros2_ws/install/leo_image:/home/ecem/ros2_ws/install/leo_gz_bringup:/home/ecem/ros2_ws/install/leo_gz_worlds:/home/ecem/ros2_ws/install/leo_gz_plugins:/home/ecem/ros2_ws/install/leo_description:/home/ecem/ros2_ws/install/swarm_segregation:/home/ecem/ros2_ws/install/swarm_basics:/opt/ros/humble LD_LIBRARY_PATH=/home/ecem/ros2_ws/src/install/leo_gz_plugins/lib:${LD_LIBRARY_PATH} /usr/bin/cmake --build /home/ecem/ros2_ws/src/build/leo_gz_bringup -- -j22 -l22
[0.452s] Invoked command in '/home/ecem/ros2_ws/src/build/leo_gz_bringup' returned '0': AMENT_PREFIX_PATH=/home/ecem/ros2_ws/src/install/leo_gz_worlds:/home/ecem/ros2_ws/src/install/leo_gz_plugins:/home/ecem/ros2_ws/src/install/leo_description:${AMENT_PREFIX_PATH} CMAKE_PREFIX_PATH=/home/ecem/ros2_ws/src/install/leo_gz_worlds:/home/ecem/ros2_ws/src/install/leo_gz_plugins:/home/ecem/ros2_ws/src/install/leo_description:/home/ecem/ros2_ws/install/leo_desktop:/home/ecem/ros2_ws/install/leo_viz:/home/ecem/ros2_ws/install/leo:/home/ecem/ros2_ws/install/leo_teleop:/home/ecem/ros2_ws/install/leo_simulator:/home/ecem/ros2_ws/install/leo_msgs:/home/ecem/ros2_ws/install/leo_image:/home/ecem/ros2_ws/install/leo_gz_bringup:/home/ecem/ros2_ws/install/leo_gz_worlds:/home/ecem/ros2_ws/install/leo_gz_plugins:/home/ecem/ros2_ws/install/leo_description:/home/ecem/ros2_ws/install/swarm_segregation:/home/ecem/ros2_ws/install/swarm_basics:/opt/ros/humble LD_LIBRARY_PATH=/home/ecem/ros2_ws/src/install/leo_gz_plugins/lib:${LD_LIBRARY_PATH} /usr/bin/cmake --build /home/ecem/ros2_ws/src/build/leo_gz_bringup -- -j22 -l22
[0.454s] Invoking command in '/home/ecem/ros2_ws/src/build/leo_gz_bringup': AMENT_PREFIX_PATH=/home/ecem/ros2_ws/src/install/leo_gz_worlds:/home/ecem/ros2_ws/src/install/leo_gz_plugins:/home/ecem/ros2_ws/src/install/leo_description:${AMENT_PREFIX_PATH} CMAKE_PREFIX_PATH=/home/ecem/ros2_ws/src/install/leo_gz_worlds:/home/ecem/ros2_ws/src/install/leo_gz_plugins:/home/ecem/ros2_ws/src/install/leo_description:/home/ecem/ros2_ws/install/leo_desktop:/home/ecem/ros2_ws/install/leo_viz:/home/ecem/ros2_ws/install/leo:/home/ecem/ros2_ws/install/leo_teleop:/home/ecem/ros2_ws/install/leo_simulator:/home/ecem/ros2_ws/install/leo_msgs:/home/ecem/ros2_ws/install/leo_image:/home/ecem/ros2_ws/install/leo_gz_bringup:/home/ecem/ros2_ws/install/leo_gz_worlds:/home/ecem/ros2_ws/install/leo_gz_plugins:/home/ecem/ros2_ws/install/leo_description:/home/ecem/ros2_ws/install/swarm_segregation:/home/ecem/ros2_ws/install/swarm_basics:/opt/ros/humble LD_LIBRARY_PATH=/home/ecem/ros2_ws/src/install/leo_gz_plugins/lib:${LD_LIBRARY_PATH} /usr/bin/cmake --install /home/ecem/ros2_ws/src/build/leo_gz_bringup
[0.458s] -- Install configuration: ""
[0.459s] -- Installing: /home/ecem/ros2_ws/src/install/leo_gz_bringup/share/leo_gz_bringup/launch
[0.459s] -- Installing: /home/ecem/ros2_ws/src/install/leo_gz_bringup/share/leo_gz_bringup/launch/spawn_10_robot.launch.py
[0.459s] -- Installing: /home/ecem/ros2_ws/src/install/leo_gz_bringup/share/leo_gz_bringup/launch/leo_gz.launch.py
[0.459s] -- Installing: /home/ecem/ros2_ws/src/install/leo_gz_bringup/share/leo_gz_bringup/launch/spawn_robot.launch.py
[0.459s] -- Installing: /home/ecem/ros2_ws/src/install/leo_gz_bringup/share/ament_index/resource_index/package_run_dependencies/leo_gz_bringup
[0.459s] -- Installing: /home/ecem/ros2_ws/src/install/leo_gz_bringup/share/ament_index/resource_index/parent_prefix_path/leo_gz_bringup
[0.460s] -- Installing: /home/ecem/ros2_ws/src/install/leo_gz_bringup/share/leo_gz_bringup/environment/ament_prefix_path.sh
[0.460s] -- Installing: /home/ecem/ros2_ws/src/install/leo_gz_bringup/share/leo_gz_bringup/environment/ament_prefix_path.dsv
[0.460s] -- Installing: /home/ecem/ros2_ws/src/install/leo_gz_bringup/share/leo_gz_bringup/environment/path.sh
[0.461s] -- Installing: /home/ecem/ros2_ws/src/install/leo_gz_bringup/share/leo_gz_bringup/environment/path.dsv
[0.461s] -- Installing: /home/ecem/ros2_ws/src/install/leo_gz_bringup/share/leo_gz_bringup/local_setup.bash
[0.461s] -- Installing: /home/ecem/ros2_ws/src/install/leo_gz_bringup/share/leo_gz_bringup/local_setup.sh
[0.462s] -- Installing: /home/ecem/ros2_ws/src/install/leo_gz_bringup/share/leo_gz_bringup/local_setup.zsh
[0.462s] -- Installing: /home/ecem/ros2_ws/src/install/leo_gz_bringup/share/leo_gz_bringup/local_setup.dsv
[0.462s] -- Installing: /home/ecem/ros2_ws/src/install/leo_gz_bringup/share/leo_gz_bringup/package.dsv
[0.462s] -- Installing: /home/ecem/ros2_ws/src/install/leo_gz_bringup/share/ament_index/resource_index/packages/leo_gz_bringup
[0.462s] -- Installing: /home/ecem/ros2_ws/src/install/leo_gz_bringup/share/leo_gz_bringup/cmake/leo_gz_bringupConfig.cmake
[0.462s] -- Installing: /home/ecem/ros2_ws/src/install/leo_gz_bringup/share/leo_gz_bringup/cmake/leo_gz_bringupConfig-version.cmake
[0.462s] -- Installing: /home/ecem/ros2_ws/src/install/leo_gz_bringup/share/leo_gz_bringup/package.xml
[0.462s] Invoked command in '/home/ecem/ros2_ws/src/build/leo_gz_bringup' returned '0': AMENT_PREFIX_PATH=/home/ecem/ros2_ws/src/install/leo_gz_worlds:/home/ecem/ros2_ws/src/install/leo_gz_plugins:/home/ecem/ros2_ws/src/install/leo_description:${AMENT_PREFIX_PATH} CMAKE_PREFIX_PATH=/home/ecem/ros2_ws/src/install/leo_gz_worlds:/home/ecem/ros2_ws/src/install/leo_gz_plugins:/home/ecem/ros2_ws/src/install/leo_description:/home/ecem/ros2_ws/install/leo_desktop:/home/ecem/ros2_ws/install/leo_viz:/home/ecem/ros2_ws/install/leo:/home/ecem/ros2_ws/install/leo_teleop:/home/ecem/ros2_ws/install/leo_simulator:/home/ecem/ros2_ws/install/leo_msgs:/home/ecem/ros2_ws/install/leo_image:/home/ecem/ros2_ws/install/leo_gz_bringup:/home/ecem/ros2_ws/install/leo_gz_worlds:/home/ecem/ros2_ws/install/leo_gz_plugins:/home/ecem/ros2_ws/install/leo_description:/home/ecem/ros2_ws/install/swarm_segregation:/home/ecem/ros2_ws/install/swarm_basics:/opt/ros/humble LD_LIBRARY_PATH=/home/ecem/ros2_ws/src/install/leo_gz_plugins/lib:${LD_LIBRARY_PATH} /usr/bin/cmake --install /home/ecem/ros2_ws/src/build/leo_gz_bringup
